
2017-04-11 02:00:53,587 [main] ERROR domain.dto.CredentialsDTO - Login has attemted to set a null value
2017-04-11 02:00:53,615 [main] ERROR domain.dto.CredentialsDTO - Login has attemted to set a null value
2017-04-11 02:00:53,647 [main] ERROR domain.dto.CredentialsDTO - Login has attemted to set a null value
2017-04-11 02:00:53,671 [main] ERROR domain.dto.CredentialsDTO - Login has attemted to set a null value
2017-04-11 02:00:53,688 [main] ERROR domain.dto.CredentialsDTO - Login has attemted to set a null value
2017-04-11 02:00:53,704 [main] ERROR domain.dto.CredentialsDTO - Login has attemted to set a null value
2017-04-11 02:55:29,236 [main] ERROR dao.jdbc.TherapyJdbcDAO - Can't query findCurrentByPerformerIdAndType
org.postgresql.util.PSQLException: ERROR: column "complete_date" does not exist
  Hint: Perhaps you meant to reference the column "therapies.completion_date".
  Position: 74
	at org.postgresql.core.v3.QueryExecutorImpl.receiveErrorResponse(QueryExecutorImpl.java:2412) ~[postgresql-42.0.0.jar:42.0.0]
	at org.postgresql.core.v3.QueryExecutorImpl.processResults(QueryExecutorImpl.java:2125) ~[postgresql-42.0.0.jar:42.0.0]
	at org.postgresql.core.v3.QueryExecutorImpl.execute(QueryExecutorImpl.java:297) ~[postgresql-42.0.0.jar:42.0.0]
	at org.postgresql.jdbc.PgStatement.executeInternal(PgStatement.java:428) ~[postgresql-42.0.0.jar:42.0.0]
	at org.postgresql.jdbc.PgStatement.execute(PgStatement.java:354) ~[postgresql-42.0.0.jar:42.0.0]
	at org.postgresql.jdbc.PgPreparedStatement.executeWithFlags(PgPreparedStatement.java:169) ~[postgresql-42.0.0.jar:42.0.0]
	at org.postgresql.jdbc.PgPreparedStatement.executeQuery(PgPreparedStatement.java:117) ~[postgresql-42.0.0.jar:42.0.0]
	at dao.jdbc.query.TherapyQueryExecutor.queryFindByIdAndType(TherapyQueryExecutor.java:39) ~[classes/:?]
	at dao.jdbc.query.TherapyQueryExecutor.queryFindCurrentByPerformerIdAndType(TherapyQueryExecutor.java:82) ~[classes/:?]
	at dao.jdbc.TherapyJdbcDAO.findCurrentByPerformerIdAndType(TherapyJdbcDAO.java:30) [classes/:?]
	at dao.jdbc.TherapyJdbcDAOTest.findCurrentByPerformerIdAndType(TherapyJdbcDAOTest.java:116) [test-classes/:?]
	at sun.reflect.NativeMethodAccessorImpl.invoke0(Native Method) ~[?:1.8.0_121]
	at sun.reflect.NativeMethodAccessorImpl.invoke(NativeMethodAccessorImpl.java:62) ~[?:1.8.0_121]
	at sun.reflect.DelegatingMethodAccessorImpl.invoke(DelegatingMethodAccessorImpl.java:43) ~[?:1.8.0_121]
	at java.lang.reflect.Method.invoke(Method.java:498) ~[?:1.8.0_121]
	at org.junit.runners.model.FrameworkMethod$1.runReflectiveCall(FrameworkMethod.java:50) [junit-4.12.jar:4.12]
	at org.junit.internal.runners.model.ReflectiveCallable.run(ReflectiveCallable.java:12) [junit-4.12.jar:4.12]
	at org.junit.runners.model.FrameworkMethod.invokeExplosively(FrameworkMethod.java:47) [junit-4.12.jar:4.12]
	at org.junit.internal.runners.statements.InvokeMethod.evaluate(InvokeMethod.java:17) [junit-4.12.jar:4.12]
	at org.junit.internal.runners.statements.RunBefores.evaluate(RunBefores.java:26) [junit-4.12.jar:4.12]
	at org.junit.runners.ParentRunner.runLeaf(ParentRunner.java:325) [junit-4.12.jar:4.12]
	at org.junit.runners.BlockJUnit4ClassRunner.runChild(BlockJUnit4ClassRunner.java:78) [junit-4.12.jar:4.12]
	at org.junit.runners.BlockJUnit4ClassRunner.runChild(BlockJUnit4ClassRunner.java:57) [junit-4.12.jar:4.12]
	at org.junit.runners.ParentRunner$3.run(ParentRunner.java:290) [junit-4.12.jar:4.12]
	at org.junit.runners.ParentRunner$1.schedule(ParentRunner.java:71) [junit-4.12.jar:4.12]
	at org.junit.runners.ParentRunner.runChildren(ParentRunner.java:288) [junit-4.12.jar:4.12]
	at org.junit.runners.ParentRunner.access$000(ParentRunner.java:58) [junit-4.12.jar:4.12]
	at org.junit.runners.ParentRunner$2.evaluate(ParentRunner.java:268) [junit-4.12.jar:4.12]
	at org.junit.runners.ParentRunner.run(ParentRunner.java:363) [junit-4.12.jar:4.12]
	at org.apache.maven.surefire.junit4.JUnit4Provider.execute(JUnit4Provider.java:264) [surefire-junit4-2.17.jar:2.17]
	at org.apache.maven.surefire.junit4.JUnit4Provider.executeTestSet(JUnit4Provider.java:153) [surefire-junit4-2.17.jar:2.17]
	at org.apache.maven.surefire.junit4.JUnit4Provider.invoke(JUnit4Provider.java:124) [surefire-junit4-2.17.jar:2.17]
	at org.apache.maven.surefire.booter.ForkedBooter.invokeProviderInSameClassLoader(ForkedBooter.java:200) [surefire-booter-2.17.jar:2.17]
	at org.apache.maven.surefire.booter.ForkedBooter.runSuitesInProcess(ForkedBooter.java:153) [surefire-booter-2.17.jar:2.17]
	at org.apache.maven.surefire.booter.ForkedBooter.main(ForkedBooter.java:103) [surefire-booter-2.17.jar:2.17]
2017-04-11 02:55:37,314 [main] ERROR dao.jdbc.CrudJdbcDAO - Can't query insert
org.postgresql.util.PSQLException: ERROR: column "complete_date" of relation "therapies" does not exist
  Position: 73
	at org.postgresql.core.v3.QueryExecutorImpl.receiveErrorResponse(QueryExecutorImpl.java:2412) ~[postgresql-42.0.0.jar:42.0.0]
	at org.postgresql.core.v3.QueryExecutorImpl.processResults(QueryExecutorImpl.java:2125) ~[postgresql-42.0.0.jar:42.0.0]
	at org.postgresql.core.v3.QueryExecutorImpl.execute(QueryExecutorImpl.java:297) ~[postgresql-42.0.0.jar:42.0.0]
	at org.postgresql.jdbc.PgStatement.executeInternal(PgStatement.java:428) ~[postgresql-42.0.0.jar:42.0.0]
	at org.postgresql.jdbc.PgStatement.execute(PgStatement.java:354) ~[postgresql-42.0.0.jar:42.0.0]
	at org.postgresql.jdbc.PgPreparedStatement.executeWithFlags(PgPreparedStatement.java:169) ~[postgresql-42.0.0.jar:42.0.0]
	at org.postgresql.jdbc.PgPreparedStatement.execute(PgPreparedStatement.java:158) ~[postgresql-42.0.0.jar:42.0.0]
	at dao.jdbc.query.QueryExecutor.queryInsert(QueryExecutor.java:39) ~[classes/:?]
	at dao.jdbc.CrudJdbcDAO.create(CrudJdbcDAO.java:46) [classes/:?]
	at dao.jdbc.TherapyJdbcDAOTest.create(TherapyJdbcDAOTest.java:84) [test-classes/:?]
	at sun.reflect.NativeMethodAccessorImpl.invoke0(Native Method) ~[?:1.8.0_121]
	at sun.reflect.NativeMethodAccessorImpl.invoke(NativeMethodAccessorImpl.java:62) ~[?:1.8.0_121]
	at sun.reflect.DelegatingMethodAccessorImpl.invoke(DelegatingMethodAccessorImpl.java:43) ~[?:1.8.0_121]
	at java.lang.reflect.Method.invoke(Method.java:498) ~[?:1.8.0_121]
	at org.junit.runners.model.FrameworkMethod$1.runReflectiveCall(FrameworkMethod.java:50) [junit-4.12.jar:4.12]
	at org.junit.internal.runners.model.ReflectiveCallable.run(ReflectiveCallable.java:12) [junit-4.12.jar:4.12]
	at org.junit.runners.model.FrameworkMethod.invokeExplosively(FrameworkMethod.java:47) [junit-4.12.jar:4.12]
	at org.junit.internal.runners.statements.InvokeMethod.evaluate(InvokeMethod.java:17) [junit-4.12.jar:4.12]
	at org.junit.internal.runners.statements.RunBefores.evaluate(RunBefores.java:26) [junit-4.12.jar:4.12]
	at org.junit.runners.ParentRunner.runLeaf(ParentRunner.java:325) [junit-4.12.jar:4.12]
	at org.junit.runners.BlockJUnit4ClassRunner.runChild(BlockJUnit4ClassRunner.java:78) [junit-4.12.jar:4.12]
	at org.junit.runners.BlockJUnit4ClassRunner.runChild(BlockJUnit4ClassRunner.java:57) [junit-4.12.jar:4.12]
	at org.junit.runners.ParentRunner$3.run(ParentRunner.java:290) [junit-4.12.jar:4.12]
	at org.junit.runners.ParentRunner$1.schedule(ParentRunner.java:71) [junit-4.12.jar:4.12]
	at org.junit.runners.ParentRunner.runChildren(ParentRunner.java:288) [junit-4.12.jar:4.12]
	at org.junit.runners.ParentRunner.access$000(ParentRunner.java:58) [junit-4.12.jar:4.12]
	at org.junit.runners.ParentRunner$2.evaluate(ParentRunner.java:268) [junit-4.12.jar:4.12]
	at org.junit.runners.ParentRunner.run(ParentRunner.java:363) [junit-4.12.jar:4.12]
	at org.apache.maven.surefire.junit4.JUnit4Provider.execute(JUnit4Provider.java:264) [surefire-junit4-2.17.jar:2.17]
	at org.apache.maven.surefire.junit4.JUnit4Provider.executeTestSet(JUnit4Provider.java:153) [surefire-junit4-2.17.jar:2.17]
	at org.apache.maven.surefire.junit4.JUnit4Provider.invoke(JUnit4Provider.java:124) [surefire-junit4-2.17.jar:2.17]
	at org.apache.maven.surefire.booter.ForkedBooter.invokeProviderInSameClassLoader(ForkedBooter.java:200) [surefire-booter-2.17.jar:2.17]
	at org.apache.maven.surefire.booter.ForkedBooter.runSuitesInProcess(ForkedBooter.java:153) [surefire-booter-2.17.jar:2.17]
	at org.apache.maven.surefire.booter.ForkedBooter.main(ForkedBooter.java:103) [surefire-booter-2.17.jar:2.17]
2017-04-11 02:55:37,337 [main] ERROR dao.jdbc.CrudJdbcDAO - Can't query insert
org.postgresql.util.PSQLException: ERROR: column "complete_date" of relation "therapies" does not exist
  Position: 73
	at org.postgresql.core.v3.QueryExecutorImpl.receiveErrorResponse(QueryExecutorImpl.java:2412) ~[postgresql-42.0.0.jar:42.0.0]
	at org.postgresql.core.v3.QueryExecutorImpl.processResults(QueryExecutorImpl.java:2125) ~[postgresql-42.0.0.jar:42.0.0]
	at org.postgresql.core.v3.QueryExecutorImpl.execute(QueryExecutorImpl.java:297) ~[postgresql-42.0.0.jar:42.0.0]
	at org.postgresql.jdbc.PgStatement.executeInternal(PgStatement.java:428) ~[postgresql-42.0.0.jar:42.0.0]
	at org.postgresql.jdbc.PgStatement.execute(PgStatement.java:354) ~[postgresql-42.0.0.jar:42.0.0]
	at org.postgresql.jdbc.PgPreparedStatement.executeWithFlags(PgPreparedStatement.java:169) ~[postgresql-42.0.0.jar:42.0.0]
	at org.postgresql.jdbc.PgPreparedStatement.execute(PgPreparedStatement.java:158) ~[postgresql-42.0.0.jar:42.0.0]
	at dao.jdbc.query.QueryExecutor.queryInsert(QueryExecutor.java:39) ~[classes/:?]
	at dao.jdbc.CrudJdbcDAO.create(CrudJdbcDAO.java:46) [classes/:?]
	at dao.jdbc.TherapyJdbcDAOTest.delete(TherapyJdbcDAOTest.java:106) [test-classes/:?]
	at sun.reflect.NativeMethodAccessorImpl.invoke0(Native Method) ~[?:1.8.0_121]
	at sun.reflect.NativeMethodAccessorImpl.invoke(NativeMethodAccessorImpl.java:62) ~[?:1.8.0_121]
	at sun.reflect.DelegatingMethodAccessorImpl.invoke(DelegatingMethodAccessorImpl.java:43) ~[?:1.8.0_121]
	at java.lang.reflect.Method.invoke(Method.java:498) ~[?:1.8.0_121]
	at org.junit.runners.model.FrameworkMethod$1.runReflectiveCall(FrameworkMethod.java:50) [junit-4.12.jar:4.12]
	at org.junit.internal.runners.model.ReflectiveCallable.run(ReflectiveCallable.java:12) [junit-4.12.jar:4.12]
	at org.junit.runners.model.FrameworkMethod.invokeExplosively(FrameworkMethod.java:47) [junit-4.12.jar:4.12]
	at org.junit.internal.runners.statements.InvokeMethod.evaluate(InvokeMethod.java:17) [junit-4.12.jar:4.12]
	at org.junit.internal.runners.statements.RunBefores.evaluate(RunBefores.java:26) [junit-4.12.jar:4.12]
	at org.junit.runners.ParentRunner.runLeaf(ParentRunner.java:325) [junit-4.12.jar:4.12]
	at org.junit.runners.BlockJUnit4ClassRunner.runChild(BlockJUnit4ClassRunner.java:78) [junit-4.12.jar:4.12]
	at org.junit.runners.BlockJUnit4ClassRunner.runChild(BlockJUnit4ClassRunner.java:57) [junit-4.12.jar:4.12]
	at org.junit.runners.ParentRunner$3.run(ParentRunner.java:290) [junit-4.12.jar:4.12]
	at org.junit.runners.ParentRunner$1.schedule(ParentRunner.java:71) [junit-4.12.jar:4.12]
	at org.junit.runners.ParentRunner.runChildren(ParentRunner.java:288) [junit-4.12.jar:4.12]
	at org.junit.runners.ParentRunner.access$000(ParentRunner.java:58) [junit-4.12.jar:4.12]
	at org.junit.runners.ParentRunner$2.evaluate(ParentRunner.java:268) [junit-4.12.jar:4.12]
	at org.junit.runners.ParentRunner.run(ParentRunner.java:363) [junit-4.12.jar:4.12]
	at org.apache.maven.surefire.junit4.JUnit4Provider.execute(JUnit4Provider.java:264) [surefire-junit4-2.17.jar:2.17]
	at org.apache.maven.surefire.junit4.JUnit4Provider.executeTestSet(JUnit4Provider.java:153) [surefire-junit4-2.17.jar:2.17]
	at org.apache.maven.surefire.junit4.JUnit4Provider.invoke(JUnit4Provider.java:124) [surefire-junit4-2.17.jar:2.17]
	at org.apache.maven.surefire.booter.ForkedBooter.invokeProviderInSameClassLoader(ForkedBooter.java:200) [surefire-booter-2.17.jar:2.17]
	at org.apache.maven.surefire.booter.ForkedBooter.runSuitesInProcess(ForkedBooter.java:153) [surefire-booter-2.17.jar:2.17]
	at org.apache.maven.surefire.booter.ForkedBooter.main(ForkedBooter.java:103) [surefire-booter-2.17.jar:2.17]
2017-04-11 02:55:37,354 [main] ERROR domain.dto.TherapyDTO - Completion datetime attempted to set a null value
2017-04-11 02:55:37,369 [main] ERROR domain.dto.TherapyDTO - Completion datetime attempted to set a null value
2017-04-11 02:55:37,385 [main] ERROR dao.jdbc.TherapyJdbcDAO - findFutureByPatientIdAndType
org.postgresql.util.PSQLException: ERROR: column "complete_date" does not exist
  Hint: Perhaps you meant to reference the column "therapies.completion_date".
  Position: 72
	at org.postgresql.core.v3.QueryExecutorImpl.receiveErrorResponse(QueryExecutorImpl.java:2412) ~[postgresql-42.0.0.jar:42.0.0]
	at org.postgresql.core.v3.QueryExecutorImpl.processResults(QueryExecutorImpl.java:2125) ~[postgresql-42.0.0.jar:42.0.0]
	at org.postgresql.core.v3.QueryExecutorImpl.execute(QueryExecutorImpl.java:297) ~[postgresql-42.0.0.jar:42.0.0]
	at org.postgresql.jdbc.PgStatement.executeInternal(PgStatement.java:428) ~[postgresql-42.0.0.jar:42.0.0]
	at org.postgresql.jdbc.PgStatement.execute(PgStatement.java:354) ~[postgresql-42.0.0.jar:42.0.0]
	at org.postgresql.jdbc.PgPreparedStatement.executeWithFlags(PgPreparedStatement.java:169) ~[postgresql-42.0.0.jar:42.0.0]
	at org.postgresql.jdbc.PgPreparedStatement.executeQuery(PgPreparedStatement.java:117) ~[postgresql-42.0.0.jar:42.0.0]
	at dao.jdbc.query.TherapyQueryExecutor.queryFindByIdAndType(TherapyQueryExecutor.java:39) ~[classes/:?]
	at dao.jdbc.query.TherapyQueryExecutor.queryFindFutureByPatientIdAndType(TherapyQueryExecutor.java:68) ~[classes/:?]
	at dao.jdbc.TherapyJdbcDAO.findFutureByPatientIdAndType(TherapyJdbcDAO.java:85) [classes/:?]
	at dao.jdbc.TherapyJdbcDAOTest.findFutureByPatientIdAndType(TherapyJdbcDAOTest.java:151) [test-classes/:?]
	at sun.reflect.NativeMethodAccessorImpl.invoke0(Native Method) ~[?:1.8.0_121]
	at sun.reflect.NativeMethodAccessorImpl.invoke(NativeMethodAccessorImpl.java:62) ~[?:1.8.0_121]
	at sun.reflect.DelegatingMethodAccessorImpl.invoke(DelegatingMethodAccessorImpl.java:43) ~[?:1.8.0_121]
	at java.lang.reflect.Method.invoke(Method.java:498) ~[?:1.8.0_121]
	at org.junit.runners.model.FrameworkMethod$1.runReflectiveCall(FrameworkMethod.java:50) [junit-4.12.jar:4.12]
	at org.junit.internal.runners.model.ReflectiveCallable.run(ReflectiveCallable.java:12) [junit-4.12.jar:4.12]
	at org.junit.runners.model.FrameworkMethod.invokeExplosively(FrameworkMethod.java:47) [junit-4.12.jar:4.12]
	at org.junit.internal.runners.statements.InvokeMethod.evaluate(InvokeMethod.java:17) [junit-4.12.jar:4.12]
	at org.junit.internal.runners.statements.RunBefores.evaluate(RunBefores.java:26) [junit-4.12.jar:4.12]
	at org.junit.runners.ParentRunner.runLeaf(ParentRunner.java:325) [junit-4.12.jar:4.12]
	at org.junit.runners.BlockJUnit4ClassRunner.runChild(BlockJUnit4ClassRunner.java:78) [junit-4.12.jar:4.12]
	at org.junit.runners.BlockJUnit4ClassRunner.runChild(BlockJUnit4ClassRunner.java:57) [junit-4.12.jar:4.12]
	at org.junit.runners.ParentRunner$3.run(ParentRunner.java:290) [junit-4.12.jar:4.12]
	at org.junit.runners.ParentRunner$1.schedule(ParentRunner.java:71) [junit-4.12.jar:4.12]
	at org.junit.runners.ParentRunner.runChildren(ParentRunner.java:288) [junit-4.12.jar:4.12]
	at org.junit.runners.ParentRunner.access$000(ParentRunner.java:58) [junit-4.12.jar:4.12]
	at org.junit.runners.ParentRunner$2.evaluate(ParentRunner.java:268) [junit-4.12.jar:4.12]
	at org.junit.runners.ParentRunner.run(ParentRunner.java:363) [junit-4.12.jar:4.12]
	at org.apache.maven.surefire.junit4.JUnit4Provider.execute(JUnit4Provider.java:264) [surefire-junit4-2.17.jar:2.17]
	at org.apache.maven.surefire.junit4.JUnit4Provider.executeTestSet(JUnit4Provider.java:153) [surefire-junit4-2.17.jar:2.17]
	at org.apache.maven.surefire.junit4.JUnit4Provider.invoke(JUnit4Provider.java:124) [surefire-junit4-2.17.jar:2.17]
	at org.apache.maven.surefire.booter.ForkedBooter.invokeProviderInSameClassLoader(ForkedBooter.java:200) [surefire-booter-2.17.jar:2.17]
	at org.apache.maven.surefire.booter.ForkedBooter.runSuitesInProcess(ForkedBooter.java:153) [surefire-booter-2.17.jar:2.17]
	at org.apache.maven.surefire.booter.ForkedBooter.main(ForkedBooter.java:103) [surefire-booter-2.17.jar:2.17]
2017-04-11 02:55:37,402 [main] ERROR domain.dto.TherapyDTO - Completion datetime attempted to set a null value
2017-04-11 02:55:37,431 [main] ERROR dao.jdbc.TherapyJdbcDAO - findFinishedByPatientIdAndType
org.postgresql.util.PSQLException: ERROR: column "complete_date" does not exist
  Hint: Perhaps you meant to reference the column "therapies.completion_date".
  Position: 72
	at org.postgresql.core.v3.QueryExecutorImpl.receiveErrorResponse(QueryExecutorImpl.java:2412) ~[postgresql-42.0.0.jar:42.0.0]
	at org.postgresql.core.v3.QueryExecutorImpl.processResults(QueryExecutorImpl.java:2125) ~[postgresql-42.0.0.jar:42.0.0]
	at org.postgresql.core.v3.QueryExecutorImpl.execute(QueryExecutorImpl.java:297) ~[postgresql-42.0.0.jar:42.0.0]
	at org.postgresql.jdbc.PgStatement.executeInternal(PgStatement.java:428) ~[postgresql-42.0.0.jar:42.0.0]
	at org.postgresql.jdbc.PgStatement.execute(PgStatement.java:354) ~[postgresql-42.0.0.jar:42.0.0]
	at org.postgresql.jdbc.PgPreparedStatement.executeWithFlags(PgPreparedStatement.java:169) ~[postgresql-42.0.0.jar:42.0.0]
	at org.postgresql.jdbc.PgPreparedStatement.executeQuery(PgPreparedStatement.java:117) ~[postgresql-42.0.0.jar:42.0.0]
	at dao.jdbc.query.TherapyQueryExecutor.queryFindByIdAndType(TherapyQueryExecutor.java:39) ~[classes/:?]
	at dao.jdbc.query.TherapyQueryExecutor.queryFindFinishedByPatientIdAndType(TherapyQueryExecutor.java:61) ~[classes/:?]
	at dao.jdbc.TherapyJdbcDAO.findFinishedByPatientIdAndType(TherapyJdbcDAO.java:63) [classes/:?]
	at dao.jdbc.TherapyJdbcDAOTest.findFinishedByPatientIdAndType(TherapyJdbcDAOTest.java:137) [test-classes/:?]
	at sun.reflect.NativeMethodAccessorImpl.invoke0(Native Method) ~[?:1.8.0_121]
	at sun.reflect.NativeMethodAccessorImpl.invoke(NativeMethodAccessorImpl.java:62) ~[?:1.8.0_121]
	at sun.reflect.DelegatingMethodAccessorImpl.invoke(DelegatingMethodAccessorImpl.java:43) ~[?:1.8.0_121]
	at java.lang.reflect.Method.invoke(Method.java:498) ~[?:1.8.0_121]
	at org.junit.runners.model.FrameworkMethod$1.runReflectiveCall(FrameworkMethod.java:50) [junit-4.12.jar:4.12]
	at org.junit.internal.runners.model.ReflectiveCallable.run(ReflectiveCallable.java:12) [junit-4.12.jar:4.12]
	at org.junit.runners.model.FrameworkMethod.invokeExplosively(FrameworkMethod.java:47) [junit-4.12.jar:4.12]
	at org.junit.internal.runners.statements.InvokeMethod.evaluate(InvokeMethod.java:17) [junit-4.12.jar:4.12]
	at org.junit.internal.runners.statements.RunBefores.evaluate(RunBefores.java:26) [junit-4.12.jar:4.12]
	at org.junit.runners.ParentRunner.runLeaf(ParentRunner.java:325) [junit-4.12.jar:4.12]
	at org.junit.runners.BlockJUnit4ClassRunner.runChild(BlockJUnit4ClassRunner.java:78) [junit-4.12.jar:4.12]
	at org.junit.runners.BlockJUnit4ClassRunner.runChild(BlockJUnit4ClassRunner.java:57) [junit-4.12.jar:4.12]
	at org.junit.runners.ParentRunner$3.run(ParentRunner.java:290) [junit-4.12.jar:4.12]
	at org.junit.runners.ParentRunner$1.schedule(ParentRunner.java:71) [junit-4.12.jar:4.12]
	at org.junit.runners.ParentRunner.runChildren(ParentRunner.java:288) [junit-4.12.jar:4.12]
	at org.junit.runners.ParentRunner.access$000(ParentRunner.java:58) [junit-4.12.jar:4.12]
	at org.junit.runners.ParentRunner$2.evaluate(ParentRunner.java:268) [junit-4.12.jar:4.12]
	at org.junit.runners.ParentRunner.run(ParentRunner.java:363) [junit-4.12.jar:4.12]
	at org.apache.maven.surefire.junit4.JUnit4Provider.execute(JUnit4Provider.java:264) [surefire-junit4-2.17.jar:2.17]
	at org.apache.maven.surefire.junit4.JUnit4Provider.executeTestSet(JUnit4Provider.java:153) [surefire-junit4-2.17.jar:2.17]
	at org.apache.maven.surefire.junit4.JUnit4Provider.invoke(JUnit4Provider.java:124) [surefire-junit4-2.17.jar:2.17]
	at org.apache.maven.surefire.booter.ForkedBooter.invokeProviderInSameClassLoader(ForkedBooter.java:200) [surefire-booter-2.17.jar:2.17]
	at org.apache.maven.surefire.booter.ForkedBooter.runSuitesInProcess(ForkedBooter.java:153) [surefire-booter-2.17.jar:2.17]
	at org.apache.maven.surefire.booter.ForkedBooter.main(ForkedBooter.java:103) [surefire-booter-2.17.jar:2.17]
2017-04-11 02:55:37,447 [main] ERROR dao.jdbc.TherapyJdbcDAO - Can't query findCurrentByPatientIdAndType
org.postgresql.util.PSQLException: ERROR: column "complete_date" does not exist
  Hint: Perhaps you meant to reference the column "therapies.completion_date".
  Position: 72
	at org.postgresql.core.v3.QueryExecutorImpl.receiveErrorResponse(QueryExecutorImpl.java:2412) ~[postgresql-42.0.0.jar:42.0.0]
	at org.postgresql.core.v3.QueryExecutorImpl.processResults(QueryExecutorImpl.java:2125) ~[postgresql-42.0.0.jar:42.0.0]
	at org.postgresql.core.v3.QueryExecutorImpl.execute(QueryExecutorImpl.java:297) ~[postgresql-42.0.0.jar:42.0.0]
	at org.postgresql.jdbc.PgStatement.executeInternal(PgStatement.java:428) ~[postgresql-42.0.0.jar:42.0.0]
	at org.postgresql.jdbc.PgStatement.execute(PgStatement.java:354) ~[postgresql-42.0.0.jar:42.0.0]
	at org.postgresql.jdbc.PgPreparedStatement.executeWithFlags(PgPreparedStatement.java:169) ~[postgresql-42.0.0.jar:42.0.0]
	at org.postgresql.jdbc.PgPreparedStatement.executeQuery(PgPreparedStatement.java:117) ~[postgresql-42.0.0.jar:42.0.0]
	at dao.jdbc.query.TherapyQueryExecutor.queryFindByIdAndType(TherapyQueryExecutor.java:39) ~[classes/:?]
	at dao.jdbc.query.TherapyQueryExecutor.queryFindCurrentByPatientIdAndType(TherapyQueryExecutor.java:54) ~[classes/:?]
	at dao.jdbc.TherapyJdbcDAO.findCurrentByPatientIdAndType(TherapyJdbcDAO.java:41) [classes/:?]
	at dao.jdbc.TherapyJdbcDAOTest.findCurrentByPatientIdAndType(TherapyJdbcDAOTest.java:123) [test-classes/:?]
	at sun.reflect.NativeMethodAccessorImpl.invoke0(Native Method) ~[?:1.8.0_121]
	at sun.reflect.NativeMethodAccessorImpl.invoke(NativeMethodAccessorImpl.java:62) ~[?:1.8.0_121]
	at sun.reflect.DelegatingMethodAccessorImpl.invoke(DelegatingMethodAccessorImpl.java:43) ~[?:1.8.0_121]
	at java.lang.reflect.Method.invoke(Method.java:498) ~[?:1.8.0_121]
	at org.junit.runners.model.FrameworkMethod$1.runReflectiveCall(FrameworkMethod.java:50) [junit-4.12.jar:4.12]
	at org.junit.internal.runners.model.ReflectiveCallable.run(ReflectiveCallable.java:12) [junit-4.12.jar:4.12]
	at org.junit.runners.model.FrameworkMethod.invokeExplosively(FrameworkMethod.java:47) [junit-4.12.jar:4.12]
	at org.junit.internal.runners.statements.InvokeMethod.evaluate(InvokeMethod.java:17) [junit-4.12.jar:4.12]
	at org.junit.internal.runners.statements.RunBefores.evaluate(RunBefores.java:26) [junit-4.12.jar:4.12]
	at org.junit.runners.ParentRunner.runLeaf(ParentRunner.java:325) [junit-4.12.jar:4.12]
	at org.junit.runners.BlockJUnit4ClassRunner.runChild(BlockJUnit4ClassRunner.java:78) [junit-4.12.jar:4.12]
	at org.junit.runners.BlockJUnit4ClassRunner.runChild(BlockJUnit4ClassRunner.java:57) [junit-4.12.jar:4.12]
	at org.junit.runners.ParentRunner$3.run(ParentRunner.java:290) [junit-4.12.jar:4.12]
	at org.junit.runners.ParentRunner$1.schedule(ParentRunner.java:71) [junit-4.12.jar:4.12]
	at org.junit.runners.ParentRunner.runChildren(ParentRunner.java:288) [junit-4.12.jar:4.12]
	at org.junit.runners.ParentRunner.access$000(ParentRunner.java:58) [junit-4.12.jar:4.12]
	at org.junit.runners.ParentRunner$2.evaluate(ParentRunner.java:268) [junit-4.12.jar:4.12]
	at org.junit.runners.ParentRunner.run(ParentRunner.java:363) [junit-4.12.jar:4.12]
	at org.apache.maven.surefire.junit4.JUnit4Provider.execute(JUnit4Provider.java:264) [surefire-junit4-2.17.jar:2.17]
	at org.apache.maven.surefire.junit4.JUnit4Provider.executeTestSet(JUnit4Provider.java:153) [surefire-junit4-2.17.jar:2.17]
	at org.apache.maven.surefire.junit4.JUnit4Provider.invoke(JUnit4Provider.java:124) [surefire-junit4-2.17.jar:2.17]
	at org.apache.maven.surefire.booter.ForkedBooter.invokeProviderInSameClassLoader(ForkedBooter.java:200) [surefire-booter-2.17.jar:2.17]
	at org.apache.maven.surefire.booter.ForkedBooter.runSuitesInProcess(ForkedBooter.java:153) [surefire-booter-2.17.jar:2.17]
	at org.apache.maven.surefire.booter.ForkedBooter.main(ForkedBooter.java:103) [surefire-booter-2.17.jar:2.17]
2017-04-11 02:55:37,462 [main] ERROR dao.jdbc.TherapyJdbcDAO - findFutureByPerformerIdAndType
org.postgresql.util.PSQLException: ERROR: column "complete_date" does not exist
  Hint: Perhaps you meant to reference the column "therapies.completion_date".
  Position: 74
	at org.postgresql.core.v3.QueryExecutorImpl.receiveErrorResponse(QueryExecutorImpl.java:2412) ~[postgresql-42.0.0.jar:42.0.0]
	at org.postgresql.core.v3.QueryExecutorImpl.processResults(QueryExecutorImpl.java:2125) ~[postgresql-42.0.0.jar:42.0.0]
	at org.postgresql.core.v3.QueryExecutorImpl.execute(QueryExecutorImpl.java:297) ~[postgresql-42.0.0.jar:42.0.0]
	at org.postgresql.jdbc.PgStatement.executeInternal(PgStatement.java:428) ~[postgresql-42.0.0.jar:42.0.0]
	at org.postgresql.jdbc.PgStatement.execute(PgStatement.java:354) ~[postgresql-42.0.0.jar:42.0.0]
	at org.postgresql.jdbc.PgPreparedStatement.executeWithFlags(PgPreparedStatement.java:169) ~[postgresql-42.0.0.jar:42.0.0]
	at org.postgresql.jdbc.PgPreparedStatement.executeQuery(PgPreparedStatement.java:117) ~[postgresql-42.0.0.jar:42.0.0]
	at dao.jdbc.query.TherapyQueryExecutor.queryFindByIdAndType(TherapyQueryExecutor.java:39) ~[classes/:?]
	at dao.jdbc.query.TherapyQueryExecutor.queryFindFutureByPerformerIdAndType(TherapyQueryExecutor.java:96) ~[classes/:?]
	at dao.jdbc.TherapyJdbcDAO.findFutureByPerformerIdAndType(TherapyJdbcDAO.java:74) [classes/:?]
	at dao.jdbc.TherapyJdbcDAOTest.findFutureByPerformerIdAndType(TherapyJdbcDAOTest.java:144) [test-classes/:?]
	at sun.reflect.NativeMethodAccessorImpl.invoke0(Native Method) ~[?:1.8.0_121]
	at sun.reflect.NativeMethodAccessorImpl.invoke(NativeMethodAccessorImpl.java:62) ~[?:1.8.0_121]
	at sun.reflect.DelegatingMethodAccessorImpl.invoke(DelegatingMethodAccessorImpl.java:43) ~[?:1.8.0_121]
	at java.lang.reflect.Method.invoke(Method.java:498) ~[?:1.8.0_121]
	at org.junit.runners.model.FrameworkMethod$1.runReflectiveCall(FrameworkMethod.java:50) [junit-4.12.jar:4.12]
	at org.junit.internal.runners.model.ReflectiveCallable.run(ReflectiveCallable.java:12) [junit-4.12.jar:4.12]
	at org.junit.runners.model.FrameworkMethod.invokeExplosively(FrameworkMethod.java:47) [junit-4.12.jar:4.12]
	at org.junit.internal.runners.statements.InvokeMethod.evaluate(InvokeMethod.java:17) [junit-4.12.jar:4.12]
	at org.junit.internal.runners.statements.RunBefores.evaluate(RunBefores.java:26) [junit-4.12.jar:4.12]
	at org.junit.runners.ParentRunner.runLeaf(ParentRunner.java:325) [junit-4.12.jar:4.12]
	at org.junit.runners.BlockJUnit4ClassRunner.runChild(BlockJUnit4ClassRunner.java:78) [junit-4.12.jar:4.12]
	at org.junit.runners.BlockJUnit4ClassRunner.runChild(BlockJUnit4ClassRunner.java:57) [junit-4.12.jar:4.12]
	at org.junit.runners.ParentRunner$3.run(ParentRunner.java:290) [junit-4.12.jar:4.12]
	at org.junit.runners.ParentRunner$1.schedule(ParentRunner.java:71) [junit-4.12.jar:4.12]
	at org.junit.runners.ParentRunner.runChildren(ParentRunner.java:288) [junit-4.12.jar:4.12]
	at org.junit.runners.ParentRunner.access$000(ParentRunner.java:58) [junit-4.12.jar:4.12]
	at org.junit.runners.ParentRunner$2.evaluate(ParentRunner.java:268) [junit-4.12.jar:4.12]
	at org.junit.runners.ParentRunner.run(ParentRunner.java:363) [junit-4.12.jar:4.12]
	at org.apache.maven.surefire.junit4.JUnit4Provider.execute(JUnit4Provider.java:264) [surefire-junit4-2.17.jar:2.17]
	at org.apache.maven.surefire.junit4.JUnit4Provider.executeTestSet(JUnit4Provider.java:153) [surefire-junit4-2.17.jar:2.17]
	at org.apache.maven.surefire.junit4.JUnit4Provider.invoke(JUnit4Provider.java:124) [surefire-junit4-2.17.jar:2.17]
	at org.apache.maven.surefire.booter.ForkedBooter.invokeProviderInSameClassLoader(ForkedBooter.java:200) [surefire-booter-2.17.jar:2.17]
	at org.apache.maven.surefire.booter.ForkedBooter.runSuitesInProcess(ForkedBooter.java:153) [surefire-booter-2.17.jar:2.17]
	at org.apache.maven.surefire.booter.ForkedBooter.main(ForkedBooter.java:103) [surefire-booter-2.17.jar:2.17]
2017-04-11 02:55:37,477 [main] ERROR dao.jdbc.TherapyJdbcDAO - findFinishedByPerformerIdAndType
org.postgresql.util.PSQLException: ERROR: column "complete_date" does not exist
  Hint: Perhaps you meant to reference the column "therapies.completion_date".
  Position: 74
	at org.postgresql.core.v3.QueryExecutorImpl.receiveErrorResponse(QueryExecutorImpl.java:2412) ~[postgresql-42.0.0.jar:42.0.0]
	at org.postgresql.core.v3.QueryExecutorImpl.processResults(QueryExecutorImpl.java:2125) ~[postgresql-42.0.0.jar:42.0.0]
	at org.postgresql.core.v3.QueryExecutorImpl.execute(QueryExecutorImpl.java:297) ~[postgresql-42.0.0.jar:42.0.0]
	at org.postgresql.jdbc.PgStatement.executeInternal(PgStatement.java:428) ~[postgresql-42.0.0.jar:42.0.0]
	at org.postgresql.jdbc.PgStatement.execute(PgStatement.java:354) ~[postgresql-42.0.0.jar:42.0.0]
	at org.postgresql.jdbc.PgPreparedStatement.executeWithFlags(PgPreparedStatement.java:169) ~[postgresql-42.0.0.jar:42.0.0]
	at org.postgresql.jdbc.PgPreparedStatement.executeQuery(PgPreparedStatement.java:117) ~[postgresql-42.0.0.jar:42.0.0]
	at dao.jdbc.query.TherapyQueryExecutor.queryFindByIdAndType(TherapyQueryExecutor.java:39) ~[classes/:?]
	at dao.jdbc.query.TherapyQueryExecutor.queryFindFinishedByPerformerIdAndType(TherapyQueryExecutor.java:89) ~[classes/:?]
	at dao.jdbc.TherapyJdbcDAO.findFinishedByPerformerIdAndType(TherapyJdbcDAO.java:52) [classes/:?]
	at dao.jdbc.TherapyJdbcDAOTest.findFinishedByPerformerIdAndType(TherapyJdbcDAOTest.java:130) [test-classes/:?]
	at sun.reflect.NativeMethodAccessorImpl.invoke0(Native Method) ~[?:1.8.0_121]
	at sun.reflect.NativeMethodAccessorImpl.invoke(NativeMethodAccessorImpl.java:62) ~[?:1.8.0_121]
	at sun.reflect.DelegatingMethodAccessorImpl.invoke(DelegatingMethodAccessorImpl.java:43) ~[?:1.8.0_121]
	at java.lang.reflect.Method.invoke(Method.java:498) ~[?:1.8.0_121]
	at org.junit.runners.model.FrameworkMethod$1.runReflectiveCall(FrameworkMethod.java:50) [junit-4.12.jar:4.12]
	at org.junit.internal.runners.model.ReflectiveCallable.run(ReflectiveCallable.java:12) [junit-4.12.jar:4.12]
	at org.junit.runners.model.FrameworkMethod.invokeExplosively(FrameworkMethod.java:47) [junit-4.12.jar:4.12]
	at org.junit.internal.runners.statements.InvokeMethod.evaluate(InvokeMethod.java:17) [junit-4.12.jar:4.12]
	at org.junit.internal.runners.statements.RunBefores.evaluate(RunBefores.java:26) [junit-4.12.jar:4.12]
	at org.junit.runners.ParentRunner.runLeaf(ParentRunner.java:325) [junit-4.12.jar:4.12]
	at org.junit.runners.BlockJUnit4ClassRunner.runChild(BlockJUnit4ClassRunner.java:78) [junit-4.12.jar:4.12]
	at org.junit.runners.BlockJUnit4ClassRunner.runChild(BlockJUnit4ClassRunner.java:57) [junit-4.12.jar:4.12]
	at org.junit.runners.ParentRunner$3.run(ParentRunner.java:290) [junit-4.12.jar:4.12]
	at org.junit.runners.ParentRunner$1.schedule(ParentRunner.java:71) [junit-4.12.jar:4.12]
	at org.junit.runners.ParentRunner.runChildren(ParentRunner.java:288) [junit-4.12.jar:4.12]
	at org.junit.runners.ParentRunner.access$000(ParentRunner.java:58) [junit-4.12.jar:4.12]
	at org.junit.runners.ParentRunner$2.evaluate(ParentRunner.java:268) [junit-4.12.jar:4.12]
	at org.junit.runners.ParentRunner.run(ParentRunner.java:363) [junit-4.12.jar:4.12]
	at org.apache.maven.surefire.junit4.JUnit4Provider.execute(JUnit4Provider.java:264) [surefire-junit4-2.17.jar:2.17]
	at org.apache.maven.surefire.junit4.JUnit4Provider.executeTestSet(JUnit4Provider.java:153) [surefire-junit4-2.17.jar:2.17]
	at org.apache.maven.surefire.junit4.JUnit4Provider.invoke(JUnit4Provider.java:124) [surefire-junit4-2.17.jar:2.17]
	at org.apache.maven.surefire.booter.ForkedBooter.invokeProviderInSameClassLoader(ForkedBooter.java:200) [surefire-booter-2.17.jar:2.17]
	at org.apache.maven.surefire.booter.ForkedBooter.runSuitesInProcess(ForkedBooter.java:153) [surefire-booter-2.17.jar:2.17]
	at org.apache.maven.surefire.booter.ForkedBooter.main(ForkedBooter.java:103) [surefire-booter-2.17.jar:2.17]
2017-04-11 02:56:02,581 [main] ERROR domain.dto.TherapyDTO - Type attempted to set a null value
2017-04-11 02:56:02,656 [main] ERROR domain.dto.PatientDTO - State attempted to set a null value
2017-04-11 02:56:02,657 [main] ERROR domain.dto.TherapyDTO - Description attempted to set a null value
2017-04-11 02:56:02,657 [main] ERROR domain.dto.TherapyDTO - Completion datetime attempted to reset a value
2017-04-11 02:56:02,658 [main] ERROR domain.dto.TherapyDTO - Appointment datetime attempted to set a null value
2017-04-11 02:56:02,659 [main] ERROR domain.dto.TherapyDTO - Title attempted to set a null value
2017-04-11 02:56:02,661 [main] ERROR domain.dto.AbstractPersonDTO - Name attempted to set a null value
2017-04-11 02:56:02,662 [main] ERROR domain.dto.AbstractPersonDTO - Surname attempted to set a null value
2017-04-11 02:56:02,664 [main] ERROR domain.dto.DepartmentDTO - Department role attempted to set a null value
2017-04-11 02:56:02,667 [main] ERROR domain.dto.AbstractPersonDTO - Name attempted to set a null value
2017-04-11 02:56:02,668 [main] ERROR domain.dto.PatientDTO - State attempted to set a null value
2017-04-11 02:56:02,668 [main] ERROR domain.dto.AbstractPersonDTO - Surname attempted to set a null value
2017-04-11 02:56:02,670 [main] ERROR domain.dto.PatientDTO - Complaints attempted to set a null value
2017-04-11 02:56:02,671 [main] ERROR domain.dto.AbstractPersonDTO - Name attempted to set a null value
2017-04-11 02:56:02,672 [main] ERROR domain.dto.AbstractPersonDTO - Surname attempted to set a null value
2017-04-11 02:56:05,650 [main] ERROR util.init.JndiInitializer - Can't set the JNDI resource value
java.lang.IllegalAccessException: Class util.init.JndiInitializer can not access a member of class util.init.JndiInitializerTest$Tested with modifiers "private"
	at sun.reflect.Reflection.ensureMemberAccess(Reflection.java:102) ~[?:1.8.0_121]
	at java.lang.reflect.AccessibleObject.slowCheckMemberAccess(AccessibleObject.java:296) ~[?:1.8.0_121]
	at java.lang.reflect.AccessibleObject.checkAccess(AccessibleObject.java:288) ~[?:1.8.0_121]
	at java.lang.reflect.Field.set(Field.java:761) ~[?:1.8.0_121]
	at util.init.JndiInitializer.setJndiResource(JndiInitializer.java:32) ~[classes/:?]
	at util.init.JndiInitializer.lambda$initialize$1(JndiInitializer.java:26) ~[classes/:?]
	at java.util.stream.ForEachOps$ForEachOp$OfRef.accept(ForEachOps.java:184) [?:1.8.0_121]
	at java.util.stream.ReferencePipeline$2$1.accept(ReferencePipeline.java:175) [?:1.8.0_121]
	at java.util.Spliterators$ArraySpliterator.forEachRemaining(Spliterators.java:948) [?:1.8.0_121]
	at java.util.stream.AbstractPipeline.copyInto(AbstractPipeline.java:481) [?:1.8.0_121]
	at java.util.stream.AbstractPipeline.wrapAndCopyInto(AbstractPipeline.java:471) [?:1.8.0_121]
	at java.util.stream.ForEachOps$ForEachOp.evaluateSequential(ForEachOps.java:151) [?:1.8.0_121]
	at java.util.stream.ForEachOps$ForEachOp$OfRef.evaluateSequential(ForEachOps.java:174) [?:1.8.0_121]
	at java.util.stream.AbstractPipeline.evaluate(AbstractPipeline.java:234) [?:1.8.0_121]
	at java.util.stream.ReferencePipeline.forEach(ReferencePipeline.java:418) [?:1.8.0_121]
	at util.init.JndiInitializer.initialize(JndiInitializer.java:26) [classes/:?]
	at util.init.JndiInitializerTest.initializeWrongJndi(JndiInitializerTest.java:47) [test-classes/:?]
	at sun.reflect.NativeMethodAccessorImpl.invoke0(Native Method) ~[?:1.8.0_121]
	at sun.reflect.NativeMethodAccessorImpl.invoke(NativeMethodAccessorImpl.java:62) ~[?:1.8.0_121]
	at sun.reflect.DelegatingMethodAccessorImpl.invoke(DelegatingMethodAccessorImpl.java:43) ~[?:1.8.0_121]
	at java.lang.reflect.Method.invoke(Method.java:498) ~[?:1.8.0_121]
	at org.junit.runners.model.FrameworkMethod$1.runReflectiveCall(FrameworkMethod.java:50) [junit-4.12.jar:4.12]
	at org.junit.internal.runners.model.ReflectiveCallable.run(ReflectiveCallable.java:12) [junit-4.12.jar:4.12]
	at org.junit.runners.model.FrameworkMethod.invokeExplosively(FrameworkMethod.java:47) [junit-4.12.jar:4.12]
	at org.junit.internal.runners.statements.InvokeMethod.evaluate(InvokeMethod.java:17) [junit-4.12.jar:4.12]
	at org.junit.internal.runners.statements.RunBefores.evaluate(RunBefores.java:26) [junit-4.12.jar:4.12]
	at org.junit.runners.ParentRunner.runLeaf(ParentRunner.java:325) [junit-4.12.jar:4.12]
	at org.junit.runners.BlockJUnit4ClassRunner.runChild(BlockJUnit4ClassRunner.java:78) [junit-4.12.jar:4.12]
	at org.junit.runners.BlockJUnit4ClassRunner.runChild(BlockJUnit4ClassRunner.java:57) [junit-4.12.jar:4.12]
	at org.junit.runners.ParentRunner$3.run(ParentRunner.java:290) [junit-4.12.jar:4.12]
	at org.junit.runners.ParentRunner$1.schedule(ParentRunner.java:71) [junit-4.12.jar:4.12]
	at org.junit.runners.ParentRunner.runChildren(ParentRunner.java:288) [junit-4.12.jar:4.12]
	at org.junit.runners.ParentRunner.access$000(ParentRunner.java:58) [junit-4.12.jar:4.12]
	at org.junit.runners.ParentRunner$2.evaluate(ParentRunner.java:268) [junit-4.12.jar:4.12]
	at org.junit.runners.ParentRunner.run(ParentRunner.java:363) [junit-4.12.jar:4.12]
	at org.apache.maven.surefire.junit4.JUnit4Provider.execute(JUnit4Provider.java:264) [surefire-junit4-2.17.jar:2.17]
	at org.apache.maven.surefire.junit4.JUnit4Provider.executeTestSet(JUnit4Provider.java:153) [surefire-junit4-2.17.jar:2.17]
	at org.apache.maven.surefire.junit4.JUnit4Provider.invoke(JUnit4Provider.java:124) [surefire-junit4-2.17.jar:2.17]
	at org.apache.maven.surefire.booter.ForkedBooter.invokeProviderInSameClassLoader(ForkedBooter.java:200) [surefire-booter-2.17.jar:2.17]
	at org.apache.maven.surefire.booter.ForkedBooter.runSuitesInProcess(ForkedBooter.java:153) [surefire-booter-2.17.jar:2.17]
	at org.apache.maven.surefire.booter.ForkedBooter.main(ForkedBooter.java:103) [surefire-booter-2.17.jar:2.17]
2017-04-11 02:56:05,652 [main] ERROR util.init.JndiInitializer - Can't set the JNDI resource value
java.lang.IllegalAccessException: Class util.init.JndiInitializer can not access a member of class util.init.JndiInitializerTest$Tested with modifiers "private"
	at sun.reflect.Reflection.ensureMemberAccess(Reflection.java:102) ~[?:1.8.0_121]
	at java.lang.reflect.AccessibleObject.slowCheckMemberAccess(AccessibleObject.java:296) ~[?:1.8.0_121]
	at java.lang.reflect.AccessibleObject.checkAccess(AccessibleObject.java:288) ~[?:1.8.0_121]
	at java.lang.reflect.Field.set(Field.java:761) ~[?:1.8.0_121]
	at util.init.JndiInitializer.setJndiResource(JndiInitializer.java:32) ~[classes/:?]
	at util.init.JndiInitializer.lambda$initialize$1(JndiInitializer.java:26) ~[classes/:?]
	at java.util.stream.ForEachOps$ForEachOp$OfRef.accept(ForEachOps.java:184) [?:1.8.0_121]
	at java.util.stream.ReferencePipeline$2$1.accept(ReferencePipeline.java:175) [?:1.8.0_121]
	at java.util.Spliterators$ArraySpliterator.forEachRemaining(Spliterators.java:948) [?:1.8.0_121]
	at java.util.stream.AbstractPipeline.copyInto(AbstractPipeline.java:481) [?:1.8.0_121]
	at java.util.stream.AbstractPipeline.wrapAndCopyInto(AbstractPipeline.java:471) [?:1.8.0_121]
	at java.util.stream.ForEachOps$ForEachOp.evaluateSequential(ForEachOps.java:151) [?:1.8.0_121]
	at java.util.stream.ForEachOps$ForEachOp$OfRef.evaluateSequential(ForEachOps.java:174) [?:1.8.0_121]
	at java.util.stream.AbstractPipeline.evaluate(AbstractPipeline.java:234) [?:1.8.0_121]
	at java.util.stream.ReferencePipeline.forEach(ReferencePipeline.java:418) [?:1.8.0_121]
	at util.init.JndiInitializer.initialize(JndiInitializer.java:26) [classes/:?]
	at util.init.JndiInitializerTest.initialize(JndiInitializerTest.java:63) [test-classes/:?]
	at sun.reflect.NativeMethodAccessorImpl.invoke0(Native Method) ~[?:1.8.0_121]
	at sun.reflect.NativeMethodAccessorImpl.invoke(NativeMethodAccessorImpl.java:62) ~[?:1.8.0_121]
	at sun.reflect.DelegatingMethodAccessorImpl.invoke(DelegatingMethodAccessorImpl.java:43) ~[?:1.8.0_121]
	at java.lang.reflect.Method.invoke(Method.java:498) ~[?:1.8.0_121]
	at org.junit.runners.model.FrameworkMethod$1.runReflectiveCall(FrameworkMethod.java:50) [junit-4.12.jar:4.12]
	at org.junit.internal.runners.model.ReflectiveCallable.run(ReflectiveCallable.java:12) [junit-4.12.jar:4.12]
	at org.junit.runners.model.FrameworkMethod.invokeExplosively(FrameworkMethod.java:47) [junit-4.12.jar:4.12]
	at org.junit.internal.runners.statements.InvokeMethod.evaluate(InvokeMethod.java:17) [junit-4.12.jar:4.12]
	at org.junit.internal.runners.statements.RunBefores.evaluate(RunBefores.java:26) [junit-4.12.jar:4.12]
	at org.junit.runners.ParentRunner.runLeaf(ParentRunner.java:325) [junit-4.12.jar:4.12]
	at org.junit.runners.BlockJUnit4ClassRunner.runChild(BlockJUnit4ClassRunner.java:78) [junit-4.12.jar:4.12]
	at org.junit.runners.BlockJUnit4ClassRunner.runChild(BlockJUnit4ClassRunner.java:57) [junit-4.12.jar:4.12]
	at org.junit.runners.ParentRunner$3.run(ParentRunner.java:290) [junit-4.12.jar:4.12]
	at org.junit.runners.ParentRunner$1.schedule(ParentRunner.java:71) [junit-4.12.jar:4.12]
	at org.junit.runners.ParentRunner.runChildren(ParentRunner.java:288) [junit-4.12.jar:4.12]
	at org.junit.runners.ParentRunner.access$000(ParentRunner.java:58) [junit-4.12.jar:4.12]
	at org.junit.runners.ParentRunner$2.evaluate(ParentRunner.java:268) [junit-4.12.jar:4.12]
	at org.junit.runners.ParentRunner.run(ParentRunner.java:363) [junit-4.12.jar:4.12]
	at org.apache.maven.surefire.junit4.JUnit4Provider.execute(JUnit4Provider.java:264) [surefire-junit4-2.17.jar:2.17]
	at org.apache.maven.surefire.junit4.JUnit4Provider.executeTestSet(JUnit4Provider.java:153) [surefire-junit4-2.17.jar:2.17]
	at org.apache.maven.surefire.junit4.JUnit4Provider.invoke(JUnit4Provider.java:124) [surefire-junit4-2.17.jar:2.17]
	at org.apache.maven.surefire.booter.ForkedBooter.invokeProviderInSameClassLoader(ForkedBooter.java:200) [surefire-booter-2.17.jar:2.17]
	at org.apache.maven.surefire.booter.ForkedBooter.runSuitesInProcess(ForkedBooter.java:153) [surefire-booter-2.17.jar:2.17]
	at org.apache.maven.surefire.booter.ForkedBooter.main(ForkedBooter.java:103) [surefire-booter-2.17.jar:2.17]
2017-04-11 02:56:05,707 [main] ERROR util.init.JndiInitializerFactory - Can't create JndiInitializer object
javax.naming.NamingException: null
	at util.init.JndiInitializerFactory.<init>(JndiInitializerFactory.java:19) [classes/:?]
	at util.init.JndiInitializerFactory.<clinit>(JndiInitializerFactory.java:14) [classes/:?]
	at util.load.ImplementationLoaderFactory.<init>(ImplementationLoaderFactory.java:16) [classes/:?]
	at util.load.ImplementationLoaderFactory.<init>(ImplementationLoaderFactory.java:7) [classes/:?]
	at util.load.ImplementationLoaderFactory$Holder.<clinit>(ImplementationLoaderFactory.java:11) [classes/:?]
	at util.load.ImplementationLoaderFactory.getInstance(ImplementationLoaderFactory.java:20) [classes/:?]
	at util.load.ImplementationLoaderTest.<init>(ImplementationLoaderTest.java:26) [test-classes/:?]
	at sun.reflect.NativeConstructorAccessorImpl.newInstance0(Native Method) ~[?:1.8.0_121]
	at sun.reflect.NativeConstructorAccessorImpl.newInstance(NativeConstructorAccessorImpl.java:62) [?:1.8.0_121]
	at sun.reflect.DelegatingConstructorAccessorImpl.newInstance(DelegatingConstructorAccessorImpl.java:45) [?:1.8.0_121]
	at java.lang.reflect.Constructor.newInstance(Constructor.java:423) [?:1.8.0_121]
	at org.junit.runners.BlockJUnit4ClassRunner.createTest(BlockJUnit4ClassRunner.java:217) [junit-4.12.jar:4.12]
	at org.junit.runners.BlockJUnit4ClassRunner$1.runReflectiveCall(BlockJUnit4ClassRunner.java:266) [junit-4.12.jar:4.12]
	at org.junit.internal.runners.model.ReflectiveCallable.run(ReflectiveCallable.java:12) [junit-4.12.jar:4.12]
	at org.junit.runners.BlockJUnit4ClassRunner.methodBlock(BlockJUnit4ClassRunner.java:263) [junit-4.12.jar:4.12]
	at org.junit.runners.BlockJUnit4ClassRunner.runChild(BlockJUnit4ClassRunner.java:78) [junit-4.12.jar:4.12]
	at org.junit.runners.BlockJUnit4ClassRunner.runChild(BlockJUnit4ClassRunner.java:57) [junit-4.12.jar:4.12]
	at org.junit.runners.ParentRunner$3.run(ParentRunner.java:290) [junit-4.12.jar:4.12]
	at org.junit.runners.ParentRunner$1.schedule(ParentRunner.java:71) [junit-4.12.jar:4.12]
	at org.junit.runners.ParentRunner.runChildren(ParentRunner.java:288) [junit-4.12.jar:4.12]
	at org.junit.runners.ParentRunner.access$000(ParentRunner.java:58) [junit-4.12.jar:4.12]
	at org.junit.runners.ParentRunner$2.evaluate(ParentRunner.java:268) [junit-4.12.jar:4.12]
	at org.junit.runners.ParentRunner.run(ParentRunner.java:363) [junit-4.12.jar:4.12]
	at org.apache.maven.surefire.junit4.JUnit4Provider.execute(JUnit4Provider.java:264) [surefire-junit4-2.17.jar:2.17]
	at org.apache.maven.surefire.junit4.JUnit4Provider.executeTestSet(JUnit4Provider.java:153) [surefire-junit4-2.17.jar:2.17]
	at org.apache.maven.surefire.junit4.JUnit4Provider.invoke(JUnit4Provider.java:124) [surefire-junit4-2.17.jar:2.17]
	at org.apache.maven.surefire.booter.ForkedBooter.invokeProviderInSameClassLoader(ForkedBooter.java:200) [surefire-booter-2.17.jar:2.17]
	at org.apache.maven.surefire.booter.ForkedBooter.runSuitesInProcess(ForkedBooter.java:153) [surefire-booter-2.17.jar:2.17]
	at org.apache.maven.surefire.booter.ForkedBooter.main(ForkedBooter.java:103) [surefire-booter-2.17.jar:2.17]
2017-04-11 03:24:28,354 [main] ERROR dao.jdbc.TherapyJdbcDAO - Can't query findCurrentByPerformerIdAndType
org.postgresql.util.PSQLException: ERROR: column "complete_date" does not exist
  Hint: Perhaps you meant to reference the column "therapies.completion_date".
  Position: 74
	at org.postgresql.core.v3.QueryExecutorImpl.receiveErrorResponse(QueryExecutorImpl.java:2412) ~[postgresql-42.0.0.jar:42.0.0]
	at org.postgresql.core.v3.QueryExecutorImpl.processResults(QueryExecutorImpl.java:2125) ~[postgresql-42.0.0.jar:42.0.0]
	at org.postgresql.core.v3.QueryExecutorImpl.execute(QueryExecutorImpl.java:297) ~[postgresql-42.0.0.jar:42.0.0]
	at org.postgresql.jdbc.PgStatement.executeInternal(PgStatement.java:428) ~[postgresql-42.0.0.jar:42.0.0]
	at org.postgresql.jdbc.PgStatement.execute(PgStatement.java:354) ~[postgresql-42.0.0.jar:42.0.0]
	at org.postgresql.jdbc.PgPreparedStatement.executeWithFlags(PgPreparedStatement.java:169) ~[postgresql-42.0.0.jar:42.0.0]
	at org.postgresql.jdbc.PgPreparedStatement.executeQuery(PgPreparedStatement.java:117) ~[postgresql-42.0.0.jar:42.0.0]
	at dao.jdbc.query.TherapyQueryExecutor.queryFindByIdAndType(TherapyQueryExecutor.java:39) ~[classes/:?]
	at dao.jdbc.query.TherapyQueryExecutor.queryFindCurrentByPerformerIdAndType(TherapyQueryExecutor.java:82) ~[classes/:?]
	at dao.jdbc.TherapyJdbcDAO.findCurrentByPerformerIdAndType(TherapyJdbcDAO.java:30) [classes/:?]
	at dao.jdbc.TherapyJdbcDAOTest.findCurrentByPerformerIdAndType(TherapyJdbcDAOTest.java:116) [test-classes/:?]
	at sun.reflect.NativeMethodAccessorImpl.invoke0(Native Method) ~[?:1.8.0_121]
	at sun.reflect.NativeMethodAccessorImpl.invoke(NativeMethodAccessorImpl.java:62) ~[?:1.8.0_121]
	at sun.reflect.DelegatingMethodAccessorImpl.invoke(DelegatingMethodAccessorImpl.java:43) ~[?:1.8.0_121]
	at java.lang.reflect.Method.invoke(Method.java:498) ~[?:1.8.0_121]
	at org.junit.runners.model.FrameworkMethod$1.runReflectiveCall(FrameworkMethod.java:50) [junit-4.12.jar:4.12]
	at org.junit.internal.runners.model.ReflectiveCallable.run(ReflectiveCallable.java:12) [junit-4.12.jar:4.12]
	at org.junit.runners.model.FrameworkMethod.invokeExplosively(FrameworkMethod.java:47) [junit-4.12.jar:4.12]
	at org.junit.internal.runners.statements.InvokeMethod.evaluate(InvokeMethod.java:17) [junit-4.12.jar:4.12]
	at org.junit.internal.runners.statements.RunBefores.evaluate(RunBefores.java:26) [junit-4.12.jar:4.12]
	at org.junit.runners.ParentRunner.runLeaf(ParentRunner.java:325) [junit-4.12.jar:4.12]
	at org.junit.runners.BlockJUnit4ClassRunner.runChild(BlockJUnit4ClassRunner.java:78) [junit-4.12.jar:4.12]
	at org.junit.runners.BlockJUnit4ClassRunner.runChild(BlockJUnit4ClassRunner.java:57) [junit-4.12.jar:4.12]
	at org.junit.runners.ParentRunner$3.run(ParentRunner.java:290) [junit-4.12.jar:4.12]
	at org.junit.runners.ParentRunner$1.schedule(ParentRunner.java:71) [junit-4.12.jar:4.12]
	at org.junit.runners.ParentRunner.runChildren(ParentRunner.java:288) [junit-4.12.jar:4.12]
	at org.junit.runners.ParentRunner.access$000(ParentRunner.java:58) [junit-4.12.jar:4.12]
	at org.junit.runners.ParentRunner$2.evaluate(ParentRunner.java:268) [junit-4.12.jar:4.12]
	at org.junit.runners.ParentRunner.run(ParentRunner.java:363) [junit-4.12.jar:4.12]
	at org.apache.maven.surefire.junit4.JUnit4Provider.execute(JUnit4Provider.java:264) [surefire-junit4-2.17.jar:2.17]
	at org.apache.maven.surefire.junit4.JUnit4Provider.executeTestSet(JUnit4Provider.java:153) [surefire-junit4-2.17.jar:2.17]
	at org.apache.maven.surefire.junit4.JUnit4Provider.invoke(JUnit4Provider.java:124) [surefire-junit4-2.17.jar:2.17]
	at org.apache.maven.surefire.booter.ForkedBooter.invokeProviderInSameClassLoader(ForkedBooter.java:200) [surefire-booter-2.17.jar:2.17]
	at org.apache.maven.surefire.booter.ForkedBooter.runSuitesInProcess(ForkedBooter.java:153) [surefire-booter-2.17.jar:2.17]
	at org.apache.maven.surefire.booter.ForkedBooter.main(ForkedBooter.java:103) [surefire-booter-2.17.jar:2.17]
2017-04-11 03:24:28,714 [main] ERROR dao.jdbc.CrudJdbcDAO - Can't query insert
org.postgresql.util.PSQLException: ERROR: column "complete_date" of relation "therapies" does not exist
  Position: 73
	at org.postgresql.core.v3.QueryExecutorImpl.receiveErrorResponse(QueryExecutorImpl.java:2412) ~[postgresql-42.0.0.jar:42.0.0]
	at org.postgresql.core.v3.QueryExecutorImpl.processResults(QueryExecutorImpl.java:2125) ~[postgresql-42.0.0.jar:42.0.0]
	at org.postgresql.core.v3.QueryExecutorImpl.execute(QueryExecutorImpl.java:297) ~[postgresql-42.0.0.jar:42.0.0]
	at org.postgresql.jdbc.PgStatement.executeInternal(PgStatement.java:428) ~[postgresql-42.0.0.jar:42.0.0]
	at org.postgresql.jdbc.PgStatement.execute(PgStatement.java:354) ~[postgresql-42.0.0.jar:42.0.0]
	at org.postgresql.jdbc.PgPreparedStatement.executeWithFlags(PgPreparedStatement.java:169) ~[postgresql-42.0.0.jar:42.0.0]
	at org.postgresql.jdbc.PgPreparedStatement.execute(PgPreparedStatement.java:158) ~[postgresql-42.0.0.jar:42.0.0]
	at dao.jdbc.query.QueryExecutor.queryInsert(QueryExecutor.java:39) ~[classes/:?]
	at dao.jdbc.CrudJdbcDAO.create(CrudJdbcDAO.java:46) [classes/:?]
	at dao.jdbc.TherapyJdbcDAOTest.create(TherapyJdbcDAOTest.java:84) [test-classes/:?]
	at sun.reflect.NativeMethodAccessorImpl.invoke0(Native Method) ~[?:1.8.0_121]
	at sun.reflect.NativeMethodAccessorImpl.invoke(NativeMethodAccessorImpl.java:62) ~[?:1.8.0_121]
	at sun.reflect.DelegatingMethodAccessorImpl.invoke(DelegatingMethodAccessorImpl.java:43) ~[?:1.8.0_121]
	at java.lang.reflect.Method.invoke(Method.java:498) ~[?:1.8.0_121]
	at org.junit.runners.model.FrameworkMethod$1.runReflectiveCall(FrameworkMethod.java:50) [junit-4.12.jar:4.12]
	at org.junit.internal.runners.model.ReflectiveCallable.run(ReflectiveCallable.java:12) [junit-4.12.jar:4.12]
	at org.junit.runners.model.FrameworkMethod.invokeExplosively(FrameworkMethod.java:47) [junit-4.12.jar:4.12]
	at org.junit.internal.runners.statements.InvokeMethod.evaluate(InvokeMethod.java:17) [junit-4.12.jar:4.12]
	at org.junit.internal.runners.statements.RunBefores.evaluate(RunBefores.java:26) [junit-4.12.jar:4.12]
	at org.junit.runners.ParentRunner.runLeaf(ParentRunner.java:325) [junit-4.12.jar:4.12]
	at org.junit.runners.BlockJUnit4ClassRunner.runChild(BlockJUnit4ClassRunner.java:78) [junit-4.12.jar:4.12]
	at org.junit.runners.BlockJUnit4ClassRunner.runChild(BlockJUnit4ClassRunner.java:57) [junit-4.12.jar:4.12]
	at org.junit.runners.ParentRunner$3.run(ParentRunner.java:290) [junit-4.12.jar:4.12]
	at org.junit.runners.ParentRunner$1.schedule(ParentRunner.java:71) [junit-4.12.jar:4.12]
	at org.junit.runners.ParentRunner.runChildren(ParentRunner.java:288) [junit-4.12.jar:4.12]
	at org.junit.runners.ParentRunner.access$000(ParentRunner.java:58) [junit-4.12.jar:4.12]
	at org.junit.runners.ParentRunner$2.evaluate(ParentRunner.java:268) [junit-4.12.jar:4.12]
	at org.junit.runners.ParentRunner.run(ParentRunner.java:363) [junit-4.12.jar:4.12]
	at org.apache.maven.surefire.junit4.JUnit4Provider.execute(JUnit4Provider.java:264) [surefire-junit4-2.17.jar:2.17]
	at org.apache.maven.surefire.junit4.JUnit4Provider.executeTestSet(JUnit4Provider.java:153) [surefire-junit4-2.17.jar:2.17]
	at org.apache.maven.surefire.junit4.JUnit4Provider.invoke(JUnit4Provider.java:124) [surefire-junit4-2.17.jar:2.17]
	at org.apache.maven.surefire.booter.ForkedBooter.invokeProviderInSameClassLoader(ForkedBooter.java:200) [surefire-booter-2.17.jar:2.17]
	at org.apache.maven.surefire.booter.ForkedBooter.runSuitesInProcess(ForkedBooter.java:153) [surefire-booter-2.17.jar:2.17]
	at org.apache.maven.surefire.booter.ForkedBooter.main(ForkedBooter.java:103) [surefire-booter-2.17.jar:2.17]
2017-04-11 03:24:28,737 [main] ERROR dao.jdbc.CrudJdbcDAO - Can't query insert
org.postgresql.util.PSQLException: ERROR: column "complete_date" of relation "therapies" does not exist
  Position: 73
	at org.postgresql.core.v3.QueryExecutorImpl.receiveErrorResponse(QueryExecutorImpl.java:2412) ~[postgresql-42.0.0.jar:42.0.0]
	at org.postgresql.core.v3.QueryExecutorImpl.processResults(QueryExecutorImpl.java:2125) ~[postgresql-42.0.0.jar:42.0.0]
	at org.postgresql.core.v3.QueryExecutorImpl.execute(QueryExecutorImpl.java:297) ~[postgresql-42.0.0.jar:42.0.0]
	at org.postgresql.jdbc.PgStatement.executeInternal(PgStatement.java:428) ~[postgresql-42.0.0.jar:42.0.0]
	at org.postgresql.jdbc.PgStatement.execute(PgStatement.java:354) ~[postgresql-42.0.0.jar:42.0.0]
	at org.postgresql.jdbc.PgPreparedStatement.executeWithFlags(PgPreparedStatement.java:169) ~[postgresql-42.0.0.jar:42.0.0]
	at org.postgresql.jdbc.PgPreparedStatement.execute(PgPreparedStatement.java:158) ~[postgresql-42.0.0.jar:42.0.0]
	at dao.jdbc.query.QueryExecutor.queryInsert(QueryExecutor.java:39) ~[classes/:?]
	at dao.jdbc.CrudJdbcDAO.create(CrudJdbcDAO.java:46) [classes/:?]
	at dao.jdbc.TherapyJdbcDAOTest.delete(TherapyJdbcDAOTest.java:106) [test-classes/:?]
	at sun.reflect.NativeMethodAccessorImpl.invoke0(Native Method) ~[?:1.8.0_121]
	at sun.reflect.NativeMethodAccessorImpl.invoke(NativeMethodAccessorImpl.java:62) ~[?:1.8.0_121]
	at sun.reflect.DelegatingMethodAccessorImpl.invoke(DelegatingMethodAccessorImpl.java:43) ~[?:1.8.0_121]
	at java.lang.reflect.Method.invoke(Method.java:498) ~[?:1.8.0_121]
	at org.junit.runners.model.FrameworkMethod$1.runReflectiveCall(FrameworkMethod.java:50) [junit-4.12.jar:4.12]
	at org.junit.internal.runners.model.ReflectiveCallable.run(ReflectiveCallable.java:12) [junit-4.12.jar:4.12]
	at org.junit.runners.model.FrameworkMethod.invokeExplosively(FrameworkMethod.java:47) [junit-4.12.jar:4.12]
	at org.junit.internal.runners.statements.InvokeMethod.evaluate(InvokeMethod.java:17) [junit-4.12.jar:4.12]
	at org.junit.internal.runners.statements.RunBefores.evaluate(RunBefores.java:26) [junit-4.12.jar:4.12]
	at org.junit.runners.ParentRunner.runLeaf(ParentRunner.java:325) [junit-4.12.jar:4.12]
	at org.junit.runners.BlockJUnit4ClassRunner.runChild(BlockJUnit4ClassRunner.java:78) [junit-4.12.jar:4.12]
	at org.junit.runners.BlockJUnit4ClassRunner.runChild(BlockJUnit4ClassRunner.java:57) [junit-4.12.jar:4.12]
	at org.junit.runners.ParentRunner$3.run(ParentRunner.java:290) [junit-4.12.jar:4.12]
	at org.junit.runners.ParentRunner$1.schedule(ParentRunner.java:71) [junit-4.12.jar:4.12]
	at org.junit.runners.ParentRunner.runChildren(ParentRunner.java:288) [junit-4.12.jar:4.12]
	at org.junit.runners.ParentRunner.access$000(ParentRunner.java:58) [junit-4.12.jar:4.12]
	at org.junit.runners.ParentRunner$2.evaluate(ParentRunner.java:268) [junit-4.12.jar:4.12]
	at org.junit.runners.ParentRunner.run(ParentRunner.java:363) [junit-4.12.jar:4.12]
	at org.apache.maven.surefire.junit4.JUnit4Provider.execute(JUnit4Provider.java:264) [surefire-junit4-2.17.jar:2.17]
	at org.apache.maven.surefire.junit4.JUnit4Provider.executeTestSet(JUnit4Provider.java:153) [surefire-junit4-2.17.jar:2.17]
	at org.apache.maven.surefire.junit4.JUnit4Provider.invoke(JUnit4Provider.java:124) [surefire-junit4-2.17.jar:2.17]
	at org.apache.maven.surefire.booter.ForkedBooter.invokeProviderInSameClassLoader(ForkedBooter.java:200) [surefire-booter-2.17.jar:2.17]
	at org.apache.maven.surefire.booter.ForkedBooter.runSuitesInProcess(ForkedBooter.java:153) [surefire-booter-2.17.jar:2.17]
	at org.apache.maven.surefire.booter.ForkedBooter.main(ForkedBooter.java:103) [surefire-booter-2.17.jar:2.17]
2017-04-11 03:24:30,221 [main] ERROR domain.dto.TherapyDTO - Completion datetime attempted to set a null value
2017-04-11 03:24:31,057 [main] ERROR domain.dto.TherapyDTO - Completion datetime attempted to set a null value
2017-04-11 03:24:31,272 [main] ERROR dao.jdbc.TherapyJdbcDAO - findFutureByPatientIdAndType
org.postgresql.util.PSQLException: ERROR: column "complete_date" does not exist
  Hint: Perhaps you meant to reference the column "therapies.completion_date".
  Position: 72
	at org.postgresql.core.v3.QueryExecutorImpl.receiveErrorResponse(QueryExecutorImpl.java:2412) ~[postgresql-42.0.0.jar:42.0.0]
	at org.postgresql.core.v3.QueryExecutorImpl.processResults(QueryExecutorImpl.java:2125) ~[postgresql-42.0.0.jar:42.0.0]
	at org.postgresql.core.v3.QueryExecutorImpl.execute(QueryExecutorImpl.java:297) ~[postgresql-42.0.0.jar:42.0.0]
	at org.postgresql.jdbc.PgStatement.executeInternal(PgStatement.java:428) ~[postgresql-42.0.0.jar:42.0.0]
	at org.postgresql.jdbc.PgStatement.execute(PgStatement.java:354) ~[postgresql-42.0.0.jar:42.0.0]
	at org.postgresql.jdbc.PgPreparedStatement.executeWithFlags(PgPreparedStatement.java:169) ~[postgresql-42.0.0.jar:42.0.0]
	at org.postgresql.jdbc.PgPreparedStatement.executeQuery(PgPreparedStatement.java:117) ~[postgresql-42.0.0.jar:42.0.0]
	at dao.jdbc.query.TherapyQueryExecutor.queryFindByIdAndType(TherapyQueryExecutor.java:39) ~[classes/:?]
	at dao.jdbc.query.TherapyQueryExecutor.queryFindFutureByPatientIdAndType(TherapyQueryExecutor.java:68) ~[classes/:?]
	at dao.jdbc.TherapyJdbcDAO.findFutureByPatientIdAndType(TherapyJdbcDAO.java:85) [classes/:?]
	at dao.jdbc.TherapyJdbcDAOTest.findFutureByPatientIdAndType(TherapyJdbcDAOTest.java:151) [test-classes/:?]
	at sun.reflect.NativeMethodAccessorImpl.invoke0(Native Method) ~[?:1.8.0_121]
	at sun.reflect.NativeMethodAccessorImpl.invoke(NativeMethodAccessorImpl.java:62) ~[?:1.8.0_121]
	at sun.reflect.DelegatingMethodAccessorImpl.invoke(DelegatingMethodAccessorImpl.java:43) ~[?:1.8.0_121]
	at java.lang.reflect.Method.invoke(Method.java:498) ~[?:1.8.0_121]
	at org.junit.runners.model.FrameworkMethod$1.runReflectiveCall(FrameworkMethod.java:50) [junit-4.12.jar:4.12]
	at org.junit.internal.runners.model.ReflectiveCallable.run(ReflectiveCallable.java:12) [junit-4.12.jar:4.12]
	at org.junit.runners.model.FrameworkMethod.invokeExplosively(FrameworkMethod.java:47) [junit-4.12.jar:4.12]
	at org.junit.internal.runners.statements.InvokeMethod.evaluate(InvokeMethod.java:17) [junit-4.12.jar:4.12]
	at org.junit.internal.runners.statements.RunBefores.evaluate(RunBefores.java:26) [junit-4.12.jar:4.12]
	at org.junit.runners.ParentRunner.runLeaf(ParentRunner.java:325) [junit-4.12.jar:4.12]
	at org.junit.runners.BlockJUnit4ClassRunner.runChild(BlockJUnit4ClassRunner.java:78) [junit-4.12.jar:4.12]
	at org.junit.runners.BlockJUnit4ClassRunner.runChild(BlockJUnit4ClassRunner.java:57) [junit-4.12.jar:4.12]
	at org.junit.runners.ParentRunner$3.run(ParentRunner.java:290) [junit-4.12.jar:4.12]
	at org.junit.runners.ParentRunner$1.schedule(ParentRunner.java:71) [junit-4.12.jar:4.12]
	at org.junit.runners.ParentRunner.runChildren(ParentRunner.java:288) [junit-4.12.jar:4.12]
	at org.junit.runners.ParentRunner.access$000(ParentRunner.java:58) [junit-4.12.jar:4.12]
	at org.junit.runners.ParentRunner$2.evaluate(ParentRunner.java:268) [junit-4.12.jar:4.12]
	at org.junit.runners.ParentRunner.run(ParentRunner.java:363) [junit-4.12.jar:4.12]
	at org.apache.maven.surefire.junit4.JUnit4Provider.execute(JUnit4Provider.java:264) [surefire-junit4-2.17.jar:2.17]
	at org.apache.maven.surefire.junit4.JUnit4Provider.executeTestSet(JUnit4Provider.java:153) [surefire-junit4-2.17.jar:2.17]
	at org.apache.maven.surefire.junit4.JUnit4Provider.invoke(JUnit4Provider.java:124) [surefire-junit4-2.17.jar:2.17]
	at org.apache.maven.surefire.booter.ForkedBooter.invokeProviderInSameClassLoader(ForkedBooter.java:200) [surefire-booter-2.17.jar:2.17]
	at org.apache.maven.surefire.booter.ForkedBooter.runSuitesInProcess(ForkedBooter.java:153) [surefire-booter-2.17.jar:2.17]
	at org.apache.maven.surefire.booter.ForkedBooter.main(ForkedBooter.java:103) [surefire-booter-2.17.jar:2.17]
2017-04-11 03:24:31,303 [main] ERROR domain.dto.TherapyDTO - Completion datetime attempted to set a null value
2017-04-11 03:24:31,347 [main] ERROR dao.jdbc.TherapyJdbcDAO - findFinishedByPatientIdAndType
org.postgresql.util.PSQLException: ERROR: column "complete_date" does not exist
  Hint: Perhaps you meant to reference the column "therapies.completion_date".
  Position: 72
	at org.postgresql.core.v3.QueryExecutorImpl.receiveErrorResponse(QueryExecutorImpl.java:2412) ~[postgresql-42.0.0.jar:42.0.0]
	at org.postgresql.core.v3.QueryExecutorImpl.processResults(QueryExecutorImpl.java:2125) ~[postgresql-42.0.0.jar:42.0.0]
	at org.postgresql.core.v3.QueryExecutorImpl.execute(QueryExecutorImpl.java:297) ~[postgresql-42.0.0.jar:42.0.0]
	at org.postgresql.jdbc.PgStatement.executeInternal(PgStatement.java:428) ~[postgresql-42.0.0.jar:42.0.0]
	at org.postgresql.jdbc.PgStatement.execute(PgStatement.java:354) ~[postgresql-42.0.0.jar:42.0.0]
	at org.postgresql.jdbc.PgPreparedStatement.executeWithFlags(PgPreparedStatement.java:169) ~[postgresql-42.0.0.jar:42.0.0]
	at org.postgresql.jdbc.PgPreparedStatement.executeQuery(PgPreparedStatement.java:117) ~[postgresql-42.0.0.jar:42.0.0]
	at dao.jdbc.query.TherapyQueryExecutor.queryFindByIdAndType(TherapyQueryExecutor.java:39) ~[classes/:?]
	at dao.jdbc.query.TherapyQueryExecutor.queryFindFinishedByPatientIdAndType(TherapyQueryExecutor.java:61) ~[classes/:?]
	at dao.jdbc.TherapyJdbcDAO.findFinishedByPatientIdAndType(TherapyJdbcDAO.java:63) [classes/:?]
	at dao.jdbc.TherapyJdbcDAOTest.findFinishedByPatientIdAndType(TherapyJdbcDAOTest.java:137) [test-classes/:?]
	at sun.reflect.NativeMethodAccessorImpl.invoke0(Native Method) ~[?:1.8.0_121]
	at sun.reflect.NativeMethodAccessorImpl.invoke(NativeMethodAccessorImpl.java:62) ~[?:1.8.0_121]
	at sun.reflect.DelegatingMethodAccessorImpl.invoke(DelegatingMethodAccessorImpl.java:43) ~[?:1.8.0_121]
	at java.lang.reflect.Method.invoke(Method.java:498) ~[?:1.8.0_121]
	at org.junit.runners.model.FrameworkMethod$1.runReflectiveCall(FrameworkMethod.java:50) [junit-4.12.jar:4.12]
	at org.junit.internal.runners.model.ReflectiveCallable.run(ReflectiveCallable.java:12) [junit-4.12.jar:4.12]
	at org.junit.runners.model.FrameworkMethod.invokeExplosively(FrameworkMethod.java:47) [junit-4.12.jar:4.12]
	at org.junit.internal.runners.statements.InvokeMethod.evaluate(InvokeMethod.java:17) [junit-4.12.jar:4.12]
	at org.junit.internal.runners.statements.RunBefores.evaluate(RunBefores.java:26) [junit-4.12.jar:4.12]
	at org.junit.runners.ParentRunner.runLeaf(ParentRunner.java:325) [junit-4.12.jar:4.12]
	at org.junit.runners.BlockJUnit4ClassRunner.runChild(BlockJUnit4ClassRunner.java:78) [junit-4.12.jar:4.12]
	at org.junit.runners.BlockJUnit4ClassRunner.runChild(BlockJUnit4ClassRunner.java:57) [junit-4.12.jar:4.12]
	at org.junit.runners.ParentRunner$3.run(ParentRunner.java:290) [junit-4.12.jar:4.12]
	at org.junit.runners.ParentRunner$1.schedule(ParentRunner.java:71) [junit-4.12.jar:4.12]
	at org.junit.runners.ParentRunner.runChildren(ParentRunner.java:288) [junit-4.12.jar:4.12]
	at org.junit.runners.ParentRunner.access$000(ParentRunner.java:58) [junit-4.12.jar:4.12]
	at org.junit.runners.ParentRunner$2.evaluate(ParentRunner.java:268) [junit-4.12.jar:4.12]
	at org.junit.runners.ParentRunner.run(ParentRunner.java:363) [junit-4.12.jar:4.12]
	at org.apache.maven.surefire.junit4.JUnit4Provider.execute(JUnit4Provider.java:264) [surefire-junit4-2.17.jar:2.17]
	at org.apache.maven.surefire.junit4.JUnit4Provider.executeTestSet(JUnit4Provider.java:153) [surefire-junit4-2.17.jar:2.17]
	at org.apache.maven.surefire.junit4.JUnit4Provider.invoke(JUnit4Provider.java:124) [surefire-junit4-2.17.jar:2.17]
	at org.apache.maven.surefire.booter.ForkedBooter.invokeProviderInSameClassLoader(ForkedBooter.java:200) [surefire-booter-2.17.jar:2.17]
	at org.apache.maven.surefire.booter.ForkedBooter.runSuitesInProcess(ForkedBooter.java:153) [surefire-booter-2.17.jar:2.17]
	at org.apache.maven.surefire.booter.ForkedBooter.main(ForkedBooter.java:103) [surefire-booter-2.17.jar:2.17]
2017-04-11 03:24:31,364 [main] ERROR dao.jdbc.TherapyJdbcDAO - Can't query findCurrentByPatientIdAndType
org.postgresql.util.PSQLException: ERROR: column "complete_date" does not exist
  Hint: Perhaps you meant to reference the column "therapies.completion_date".
  Position: 72
	at org.postgresql.core.v3.QueryExecutorImpl.receiveErrorResponse(QueryExecutorImpl.java:2412) ~[postgresql-42.0.0.jar:42.0.0]
	at org.postgresql.core.v3.QueryExecutorImpl.processResults(QueryExecutorImpl.java:2125) ~[postgresql-42.0.0.jar:42.0.0]
	at org.postgresql.core.v3.QueryExecutorImpl.execute(QueryExecutorImpl.java:297) ~[postgresql-42.0.0.jar:42.0.0]
	at org.postgresql.jdbc.PgStatement.executeInternal(PgStatement.java:428) ~[postgresql-42.0.0.jar:42.0.0]
	at org.postgresql.jdbc.PgStatement.execute(PgStatement.java:354) ~[postgresql-42.0.0.jar:42.0.0]
	at org.postgresql.jdbc.PgPreparedStatement.executeWithFlags(PgPreparedStatement.java:169) ~[postgresql-42.0.0.jar:42.0.0]
	at org.postgresql.jdbc.PgPreparedStatement.executeQuery(PgPreparedStatement.java:117) ~[postgresql-42.0.0.jar:42.0.0]
	at dao.jdbc.query.TherapyQueryExecutor.queryFindByIdAndType(TherapyQueryExecutor.java:39) ~[classes/:?]
	at dao.jdbc.query.TherapyQueryExecutor.queryFindCurrentByPatientIdAndType(TherapyQueryExecutor.java:54) ~[classes/:?]
	at dao.jdbc.TherapyJdbcDAO.findCurrentByPatientIdAndType(TherapyJdbcDAO.java:41) [classes/:?]
	at dao.jdbc.TherapyJdbcDAOTest.findCurrentByPatientIdAndType(TherapyJdbcDAOTest.java:123) [test-classes/:?]
	at sun.reflect.NativeMethodAccessorImpl.invoke0(Native Method) ~[?:1.8.0_121]
	at sun.reflect.NativeMethodAccessorImpl.invoke(NativeMethodAccessorImpl.java:62) ~[?:1.8.0_121]
	at sun.reflect.DelegatingMethodAccessorImpl.invoke(DelegatingMethodAccessorImpl.java:43) ~[?:1.8.0_121]
	at java.lang.reflect.Method.invoke(Method.java:498) ~[?:1.8.0_121]
	at org.junit.runners.model.FrameworkMethod$1.runReflectiveCall(FrameworkMethod.java:50) [junit-4.12.jar:4.12]
	at org.junit.internal.runners.model.ReflectiveCallable.run(ReflectiveCallable.java:12) [junit-4.12.jar:4.12]
	at org.junit.runners.model.FrameworkMethod.invokeExplosively(FrameworkMethod.java:47) [junit-4.12.jar:4.12]
	at org.junit.internal.runners.statements.InvokeMethod.evaluate(InvokeMethod.java:17) [junit-4.12.jar:4.12]
	at org.junit.internal.runners.statements.RunBefores.evaluate(RunBefores.java:26) [junit-4.12.jar:4.12]
	at org.junit.runners.ParentRunner.runLeaf(ParentRunner.java:325) [junit-4.12.jar:4.12]
	at org.junit.runners.BlockJUnit4ClassRunner.runChild(BlockJUnit4ClassRunner.java:78) [junit-4.12.jar:4.12]
	at org.junit.runners.BlockJUnit4ClassRunner.runChild(BlockJUnit4ClassRunner.java:57) [junit-4.12.jar:4.12]
	at org.junit.runners.ParentRunner$3.run(ParentRunner.java:290) [junit-4.12.jar:4.12]
	at org.junit.runners.ParentRunner$1.schedule(ParentRunner.java:71) [junit-4.12.jar:4.12]
	at org.junit.runners.ParentRunner.runChildren(ParentRunner.java:288) [junit-4.12.jar:4.12]
	at org.junit.runners.ParentRunner.access$000(ParentRunner.java:58) [junit-4.12.jar:4.12]
	at org.junit.runners.ParentRunner$2.evaluate(ParentRunner.java:268) [junit-4.12.jar:4.12]
	at org.junit.runners.ParentRunner.run(ParentRunner.java:363) [junit-4.12.jar:4.12]
	at org.apache.maven.surefire.junit4.JUnit4Provider.execute(JUnit4Provider.java:264) [surefire-junit4-2.17.jar:2.17]
	at org.apache.maven.surefire.junit4.JUnit4Provider.executeTestSet(JUnit4Provider.java:153) [surefire-junit4-2.17.jar:2.17]
	at org.apache.maven.surefire.junit4.JUnit4Provider.invoke(JUnit4Provider.java:124) [surefire-junit4-2.17.jar:2.17]
	at org.apache.maven.surefire.booter.ForkedBooter.invokeProviderInSameClassLoader(ForkedBooter.java:200) [surefire-booter-2.17.jar:2.17]
	at org.apache.maven.surefire.booter.ForkedBooter.runSuitesInProcess(ForkedBooter.java:153) [surefire-booter-2.17.jar:2.17]
	at org.apache.maven.surefire.booter.ForkedBooter.main(ForkedBooter.java:103) [surefire-booter-2.17.jar:2.17]
2017-04-11 03:24:32,968 [main] ERROR dao.jdbc.TherapyJdbcDAO - findFutureByPerformerIdAndType
org.postgresql.util.PSQLException: ERROR: column "complete_date" does not exist
  Hint: Perhaps you meant to reference the column "therapies.completion_date".
  Position: 74
	at org.postgresql.core.v3.QueryExecutorImpl.receiveErrorResponse(QueryExecutorImpl.java:2412) ~[postgresql-42.0.0.jar:42.0.0]
	at org.postgresql.core.v3.QueryExecutorImpl.processResults(QueryExecutorImpl.java:2125) ~[postgresql-42.0.0.jar:42.0.0]
	at org.postgresql.core.v3.QueryExecutorImpl.execute(QueryExecutorImpl.java:297) ~[postgresql-42.0.0.jar:42.0.0]
	at org.postgresql.jdbc.PgStatement.executeInternal(PgStatement.java:428) ~[postgresql-42.0.0.jar:42.0.0]
	at org.postgresql.jdbc.PgStatement.execute(PgStatement.java:354) ~[postgresql-42.0.0.jar:42.0.0]
	at org.postgresql.jdbc.PgPreparedStatement.executeWithFlags(PgPreparedStatement.java:169) ~[postgresql-42.0.0.jar:42.0.0]
	at org.postgresql.jdbc.PgPreparedStatement.executeQuery(PgPreparedStatement.java:117) ~[postgresql-42.0.0.jar:42.0.0]
	at dao.jdbc.query.TherapyQueryExecutor.queryFindByIdAndType(TherapyQueryExecutor.java:39) ~[classes/:?]
	at dao.jdbc.query.TherapyQueryExecutor.queryFindFutureByPerformerIdAndType(TherapyQueryExecutor.java:96) ~[classes/:?]
	at dao.jdbc.TherapyJdbcDAO.findFutureByPerformerIdAndType(TherapyJdbcDAO.java:74) [classes/:?]
	at dao.jdbc.TherapyJdbcDAOTest.findFutureByPerformerIdAndType(TherapyJdbcDAOTest.java:144) [test-classes/:?]
	at sun.reflect.NativeMethodAccessorImpl.invoke0(Native Method) ~[?:1.8.0_121]
	at sun.reflect.NativeMethodAccessorImpl.invoke(NativeMethodAccessorImpl.java:62) ~[?:1.8.0_121]
	at sun.reflect.DelegatingMethodAccessorImpl.invoke(DelegatingMethodAccessorImpl.java:43) ~[?:1.8.0_121]
	at java.lang.reflect.Method.invoke(Method.java:498) ~[?:1.8.0_121]
	at org.junit.runners.model.FrameworkMethod$1.runReflectiveCall(FrameworkMethod.java:50) [junit-4.12.jar:4.12]
	at org.junit.internal.runners.model.ReflectiveCallable.run(ReflectiveCallable.java:12) [junit-4.12.jar:4.12]
	at org.junit.runners.model.FrameworkMethod.invokeExplosively(FrameworkMethod.java:47) [junit-4.12.jar:4.12]
	at org.junit.internal.runners.statements.InvokeMethod.evaluate(InvokeMethod.java:17) [junit-4.12.jar:4.12]
	at org.junit.internal.runners.statements.RunBefores.evaluate(RunBefores.java:26) [junit-4.12.jar:4.12]
	at org.junit.runners.ParentRunner.runLeaf(ParentRunner.java:325) [junit-4.12.jar:4.12]
	at org.junit.runners.BlockJUnit4ClassRunner.runChild(BlockJUnit4ClassRunner.java:78) [junit-4.12.jar:4.12]
	at org.junit.runners.BlockJUnit4ClassRunner.runChild(BlockJUnit4ClassRunner.java:57) [junit-4.12.jar:4.12]
	at org.junit.runners.ParentRunner$3.run(ParentRunner.java:290) [junit-4.12.jar:4.12]
	at org.junit.runners.ParentRunner$1.schedule(ParentRunner.java:71) [junit-4.12.jar:4.12]
	at org.junit.runners.ParentRunner.runChildren(ParentRunner.java:288) [junit-4.12.jar:4.12]
	at org.junit.runners.ParentRunner.access$000(ParentRunner.java:58) [junit-4.12.jar:4.12]
	at org.junit.runners.ParentRunner$2.evaluate(ParentRunner.java:268) [junit-4.12.jar:4.12]
	at org.junit.runners.ParentRunner.run(ParentRunner.java:363) [junit-4.12.jar:4.12]
	at org.apache.maven.surefire.junit4.JUnit4Provider.execute(JUnit4Provider.java:264) [surefire-junit4-2.17.jar:2.17]
	at org.apache.maven.surefire.junit4.JUnit4Provider.executeTestSet(JUnit4Provider.java:153) [surefire-junit4-2.17.jar:2.17]
	at org.apache.maven.surefire.junit4.JUnit4Provider.invoke(JUnit4Provider.java:124) [surefire-junit4-2.17.jar:2.17]
	at org.apache.maven.surefire.booter.ForkedBooter.invokeProviderInSameClassLoader(ForkedBooter.java:200) [surefire-booter-2.17.jar:2.17]
	at org.apache.maven.surefire.booter.ForkedBooter.runSuitesInProcess(ForkedBooter.java:153) [surefire-booter-2.17.jar:2.17]
	at org.apache.maven.surefire.booter.ForkedBooter.main(ForkedBooter.java:103) [surefire-booter-2.17.jar:2.17]
2017-04-11 03:24:33,582 [main] ERROR dao.jdbc.TherapyJdbcDAO - findFinishedByPerformerIdAndType
org.postgresql.util.PSQLException: ERROR: column "complete_date" does not exist
  Hint: Perhaps you meant to reference the column "therapies.completion_date".
  Position: 74
	at org.postgresql.core.v3.QueryExecutorImpl.receiveErrorResponse(QueryExecutorImpl.java:2412) ~[postgresql-42.0.0.jar:42.0.0]
	at org.postgresql.core.v3.QueryExecutorImpl.processResults(QueryExecutorImpl.java:2125) ~[postgresql-42.0.0.jar:42.0.0]
	at org.postgresql.core.v3.QueryExecutorImpl.execute(QueryExecutorImpl.java:297) ~[postgresql-42.0.0.jar:42.0.0]
	at org.postgresql.jdbc.PgStatement.executeInternal(PgStatement.java:428) ~[postgresql-42.0.0.jar:42.0.0]
	at org.postgresql.jdbc.PgStatement.execute(PgStatement.java:354) ~[postgresql-42.0.0.jar:42.0.0]
	at org.postgresql.jdbc.PgPreparedStatement.executeWithFlags(PgPreparedStatement.java:169) ~[postgresql-42.0.0.jar:42.0.0]
	at org.postgresql.jdbc.PgPreparedStatement.executeQuery(PgPreparedStatement.java:117) ~[postgresql-42.0.0.jar:42.0.0]
	at dao.jdbc.query.TherapyQueryExecutor.queryFindByIdAndType(TherapyQueryExecutor.java:39) ~[classes/:?]
	at dao.jdbc.query.TherapyQueryExecutor.queryFindFinishedByPerformerIdAndType(TherapyQueryExecutor.java:89) ~[classes/:?]
	at dao.jdbc.TherapyJdbcDAO.findFinishedByPerformerIdAndType(TherapyJdbcDAO.java:52) [classes/:?]
	at dao.jdbc.TherapyJdbcDAOTest.findFinishedByPerformerIdAndType(TherapyJdbcDAOTest.java:130) [test-classes/:?]
	at sun.reflect.NativeMethodAccessorImpl.invoke0(Native Method) ~[?:1.8.0_121]
	at sun.reflect.NativeMethodAccessorImpl.invoke(NativeMethodAccessorImpl.java:62) ~[?:1.8.0_121]
	at sun.reflect.DelegatingMethodAccessorImpl.invoke(DelegatingMethodAccessorImpl.java:43) ~[?:1.8.0_121]
	at java.lang.reflect.Method.invoke(Method.java:498) ~[?:1.8.0_121]
	at org.junit.runners.model.FrameworkMethod$1.runReflectiveCall(FrameworkMethod.java:50) [junit-4.12.jar:4.12]
	at org.junit.internal.runners.model.ReflectiveCallable.run(ReflectiveCallable.java:12) [junit-4.12.jar:4.12]
	at org.junit.runners.model.FrameworkMethod.invokeExplosively(FrameworkMethod.java:47) [junit-4.12.jar:4.12]
	at org.junit.internal.runners.statements.InvokeMethod.evaluate(InvokeMethod.java:17) [junit-4.12.jar:4.12]
	at org.junit.internal.runners.statements.RunBefores.evaluate(RunBefores.java:26) [junit-4.12.jar:4.12]
	at org.junit.runners.ParentRunner.runLeaf(ParentRunner.java:325) [junit-4.12.jar:4.12]
	at org.junit.runners.BlockJUnit4ClassRunner.runChild(BlockJUnit4ClassRunner.java:78) [junit-4.12.jar:4.12]
	at org.junit.runners.BlockJUnit4ClassRunner.runChild(BlockJUnit4ClassRunner.java:57) [junit-4.12.jar:4.12]
	at org.junit.runners.ParentRunner$3.run(ParentRunner.java:290) [junit-4.12.jar:4.12]
	at org.junit.runners.ParentRunner$1.schedule(ParentRunner.java:71) [junit-4.12.jar:4.12]
	at org.junit.runners.ParentRunner.runChildren(ParentRunner.java:288) [junit-4.12.jar:4.12]
	at org.junit.runners.ParentRunner.access$000(ParentRunner.java:58) [junit-4.12.jar:4.12]
	at org.junit.runners.ParentRunner$2.evaluate(ParentRunner.java:268) [junit-4.12.jar:4.12]
	at org.junit.runners.ParentRunner.run(ParentRunner.java:363) [junit-4.12.jar:4.12]
	at org.apache.maven.surefire.junit4.JUnit4Provider.execute(JUnit4Provider.java:264) [surefire-junit4-2.17.jar:2.17]
	at org.apache.maven.surefire.junit4.JUnit4Provider.executeTestSet(JUnit4Provider.java:153) [surefire-junit4-2.17.jar:2.17]
	at org.apache.maven.surefire.junit4.JUnit4Provider.invoke(JUnit4Provider.java:124) [surefire-junit4-2.17.jar:2.17]
	at org.apache.maven.surefire.booter.ForkedBooter.invokeProviderInSameClassLoader(ForkedBooter.java:200) [surefire-booter-2.17.jar:2.17]
	at org.apache.maven.surefire.booter.ForkedBooter.runSuitesInProcess(ForkedBooter.java:153) [surefire-booter-2.17.jar:2.17]
	at org.apache.maven.surefire.booter.ForkedBooter.main(ForkedBooter.java:103) [surefire-booter-2.17.jar:2.17]
2017-04-11 03:25:21,791 [main] ERROR domain.dto.TherapyDTO - Type attempted to set a null value
2017-04-11 03:25:21,906 [main] ERROR domain.dto.PatientDTO - State attempted to set a null value
2017-04-11 03:25:21,907 [main] ERROR domain.dto.TherapyDTO - Description attempted to set a null value
2017-04-11 03:25:21,909 [main] ERROR domain.dto.TherapyDTO - Completion datetime attempted to reset a value
2017-04-11 03:25:21,911 [main] ERROR domain.dto.TherapyDTO - Appointment datetime attempted to set a null value
2017-04-11 03:25:21,913 [main] ERROR domain.dto.TherapyDTO - Title attempted to set a null value
2017-04-11 03:25:21,920 [main] ERROR domain.dto.AbstractPersonDTO - Name attempted to set a null value
2017-04-11 03:25:22,007 [main] ERROR domain.dto.AbstractPersonDTO - Surname attempted to set a null value
2017-04-11 03:25:22,012 [main] ERROR domain.dto.DepartmentDTO - Department role attempted to set a null value
2017-04-11 03:25:22,021 [main] ERROR domain.dto.AbstractPersonDTO - Name attempted to set a null value
2017-04-11 03:25:22,022 [main] ERROR domain.dto.PatientDTO - State attempted to set a null value
2017-04-11 03:25:22,022 [main] ERROR domain.dto.AbstractPersonDTO - Surname attempted to set a null value
2017-04-11 03:25:22,025 [main] ERROR domain.dto.PatientDTO - Complaints attempted to set a null value
2017-04-11 03:25:22,027 [main] ERROR domain.dto.AbstractPersonDTO - Name attempted to set a null value
2017-04-11 03:25:22,028 [main] ERROR domain.dto.AbstractPersonDTO - Surname attempted to set a null value
2017-04-11 03:25:24,724 [main] ERROR util.init.JndiInitializer - Can't set the JNDI resource value
java.lang.IllegalAccessException: Class util.init.JndiInitializer can not access a member of class util.init.JndiInitializerTest$Tested with modifiers "private"
	at sun.reflect.Reflection.ensureMemberAccess(Reflection.java:102) ~[?:1.8.0_121]
	at java.lang.reflect.AccessibleObject.slowCheckMemberAccess(AccessibleObject.java:296) ~[?:1.8.0_121]
	at java.lang.reflect.AccessibleObject.checkAccess(AccessibleObject.java:288) ~[?:1.8.0_121]
	at java.lang.reflect.Field.set(Field.java:761) ~[?:1.8.0_121]
	at util.init.JndiInitializer.setJndiResource(JndiInitializer.java:32) ~[classes/:?]
	at util.init.JndiInitializer.lambda$initialize$1(JndiInitializer.java:26) ~[classes/:?]
	at java.util.stream.ForEachOps$ForEachOp$OfRef.accept(ForEachOps.java:184) [?:1.8.0_121]
	at java.util.stream.ReferencePipeline$2$1.accept(ReferencePipeline.java:175) [?:1.8.0_121]
	at java.util.Spliterators$ArraySpliterator.forEachRemaining(Spliterators.java:948) [?:1.8.0_121]
	at java.util.stream.AbstractPipeline.copyInto(AbstractPipeline.java:481) [?:1.8.0_121]
	at java.util.stream.AbstractPipeline.wrapAndCopyInto(AbstractPipeline.java:471) [?:1.8.0_121]
	at java.util.stream.ForEachOps$ForEachOp.evaluateSequential(ForEachOps.java:151) [?:1.8.0_121]
	at java.util.stream.ForEachOps$ForEachOp$OfRef.evaluateSequential(ForEachOps.java:174) [?:1.8.0_121]
	at java.util.stream.AbstractPipeline.evaluate(AbstractPipeline.java:234) [?:1.8.0_121]
	at java.util.stream.ReferencePipeline.forEach(ReferencePipeline.java:418) [?:1.8.0_121]
	at util.init.JndiInitializer.initialize(JndiInitializer.java:26) [classes/:?]
	at util.init.JndiInitializerTest.initializeWrongJndi(JndiInitializerTest.java:47) [test-classes/:?]
	at sun.reflect.NativeMethodAccessorImpl.invoke0(Native Method) ~[?:1.8.0_121]
	at sun.reflect.NativeMethodAccessorImpl.invoke(NativeMethodAccessorImpl.java:62) ~[?:1.8.0_121]
	at sun.reflect.DelegatingMethodAccessorImpl.invoke(DelegatingMethodAccessorImpl.java:43) ~[?:1.8.0_121]
	at java.lang.reflect.Method.invoke(Method.java:498) ~[?:1.8.0_121]
	at org.junit.runners.model.FrameworkMethod$1.runReflectiveCall(FrameworkMethod.java:50) [junit-4.12.jar:4.12]
	at org.junit.internal.runners.model.ReflectiveCallable.run(ReflectiveCallable.java:12) [junit-4.12.jar:4.12]
	at org.junit.runners.model.FrameworkMethod.invokeExplosively(FrameworkMethod.java:47) [junit-4.12.jar:4.12]
	at org.junit.internal.runners.statements.InvokeMethod.evaluate(InvokeMethod.java:17) [junit-4.12.jar:4.12]
	at org.junit.internal.runners.statements.RunBefores.evaluate(RunBefores.java:26) [junit-4.12.jar:4.12]
	at org.junit.runners.ParentRunner.runLeaf(ParentRunner.java:325) [junit-4.12.jar:4.12]
	at org.junit.runners.BlockJUnit4ClassRunner.runChild(BlockJUnit4ClassRunner.java:78) [junit-4.12.jar:4.12]
	at org.junit.runners.BlockJUnit4ClassRunner.runChild(BlockJUnit4ClassRunner.java:57) [junit-4.12.jar:4.12]
	at org.junit.runners.ParentRunner$3.run(ParentRunner.java:290) [junit-4.12.jar:4.12]
	at org.junit.runners.ParentRunner$1.schedule(ParentRunner.java:71) [junit-4.12.jar:4.12]
	at org.junit.runners.ParentRunner.runChildren(ParentRunner.java:288) [junit-4.12.jar:4.12]
	at org.junit.runners.ParentRunner.access$000(ParentRunner.java:58) [junit-4.12.jar:4.12]
	at org.junit.runners.ParentRunner$2.evaluate(ParentRunner.java:268) [junit-4.12.jar:4.12]
	at org.junit.runners.ParentRunner.run(ParentRunner.java:363) [junit-4.12.jar:4.12]
	at org.apache.maven.surefire.junit4.JUnit4Provider.execute(JUnit4Provider.java:264) [surefire-junit4-2.17.jar:2.17]
	at org.apache.maven.surefire.junit4.JUnit4Provider.executeTestSet(JUnit4Provider.java:153) [surefire-junit4-2.17.jar:2.17]
	at org.apache.maven.surefire.junit4.JUnit4Provider.invoke(JUnit4Provider.java:124) [surefire-junit4-2.17.jar:2.17]
	at org.apache.maven.surefire.booter.ForkedBooter.invokeProviderInSameClassLoader(ForkedBooter.java:200) [surefire-booter-2.17.jar:2.17]
	at org.apache.maven.surefire.booter.ForkedBooter.runSuitesInProcess(ForkedBooter.java:153) [surefire-booter-2.17.jar:2.17]
	at org.apache.maven.surefire.booter.ForkedBooter.main(ForkedBooter.java:103) [surefire-booter-2.17.jar:2.17]
2017-04-11 03:25:24,726 [main] ERROR util.init.JndiInitializer - Can't set the JNDI resource value
java.lang.IllegalAccessException: Class util.init.JndiInitializer can not access a member of class util.init.JndiInitializerTest$Tested with modifiers "private"
	at sun.reflect.Reflection.ensureMemberAccess(Reflection.java:102) ~[?:1.8.0_121]
	at java.lang.reflect.AccessibleObject.slowCheckMemberAccess(AccessibleObject.java:296) ~[?:1.8.0_121]
	at java.lang.reflect.AccessibleObject.checkAccess(AccessibleObject.java:288) ~[?:1.8.0_121]
	at java.lang.reflect.Field.set(Field.java:761) ~[?:1.8.0_121]
	at util.init.JndiInitializer.setJndiResource(JndiInitializer.java:32) ~[classes/:?]
	at util.init.JndiInitializer.lambda$initialize$1(JndiInitializer.java:26) ~[classes/:?]
	at java.util.stream.ForEachOps$ForEachOp$OfRef.accept(ForEachOps.java:184) [?:1.8.0_121]
	at java.util.stream.ReferencePipeline$2$1.accept(ReferencePipeline.java:175) [?:1.8.0_121]
	at java.util.Spliterators$ArraySpliterator.forEachRemaining(Spliterators.java:948) [?:1.8.0_121]
	at java.util.stream.AbstractPipeline.copyInto(AbstractPipeline.java:481) [?:1.8.0_121]
	at java.util.stream.AbstractPipeline.wrapAndCopyInto(AbstractPipeline.java:471) [?:1.8.0_121]
	at java.util.stream.ForEachOps$ForEachOp.evaluateSequential(ForEachOps.java:151) [?:1.8.0_121]
	at java.util.stream.ForEachOps$ForEachOp$OfRef.evaluateSequential(ForEachOps.java:174) [?:1.8.0_121]
	at java.util.stream.AbstractPipeline.evaluate(AbstractPipeline.java:234) [?:1.8.0_121]
	at java.util.stream.ReferencePipeline.forEach(ReferencePipeline.java:418) [?:1.8.0_121]
	at util.init.JndiInitializer.initialize(JndiInitializer.java:26) [classes/:?]
	at util.init.JndiInitializerTest.initialize(JndiInitializerTest.java:63) [test-classes/:?]
	at sun.reflect.NativeMethodAccessorImpl.invoke0(Native Method) ~[?:1.8.0_121]
	at sun.reflect.NativeMethodAccessorImpl.invoke(NativeMethodAccessorImpl.java:62) ~[?:1.8.0_121]
	at sun.reflect.DelegatingMethodAccessorImpl.invoke(DelegatingMethodAccessorImpl.java:43) ~[?:1.8.0_121]
	at java.lang.reflect.Method.invoke(Method.java:498) ~[?:1.8.0_121]
	at org.junit.runners.model.FrameworkMethod$1.runReflectiveCall(FrameworkMethod.java:50) [junit-4.12.jar:4.12]
	at org.junit.internal.runners.model.ReflectiveCallable.run(ReflectiveCallable.java:12) [junit-4.12.jar:4.12]
	at org.junit.runners.model.FrameworkMethod.invokeExplosively(FrameworkMethod.java:47) [junit-4.12.jar:4.12]
	at org.junit.internal.runners.statements.InvokeMethod.evaluate(InvokeMethod.java:17) [junit-4.12.jar:4.12]
	at org.junit.internal.runners.statements.RunBefores.evaluate(RunBefores.java:26) [junit-4.12.jar:4.12]
	at org.junit.runners.ParentRunner.runLeaf(ParentRunner.java:325) [junit-4.12.jar:4.12]
	at org.junit.runners.BlockJUnit4ClassRunner.runChild(BlockJUnit4ClassRunner.java:78) [junit-4.12.jar:4.12]
	at org.junit.runners.BlockJUnit4ClassRunner.runChild(BlockJUnit4ClassRunner.java:57) [junit-4.12.jar:4.12]
	at org.junit.runners.ParentRunner$3.run(ParentRunner.java:290) [junit-4.12.jar:4.12]
	at org.junit.runners.ParentRunner$1.schedule(ParentRunner.java:71) [junit-4.12.jar:4.12]
	at org.junit.runners.ParentRunner.runChildren(ParentRunner.java:288) [junit-4.12.jar:4.12]
	at org.junit.runners.ParentRunner.access$000(ParentRunner.java:58) [junit-4.12.jar:4.12]
	at org.junit.runners.ParentRunner$2.evaluate(ParentRunner.java:268) [junit-4.12.jar:4.12]
	at org.junit.runners.ParentRunner.run(ParentRunner.java:363) [junit-4.12.jar:4.12]
	at org.apache.maven.surefire.junit4.JUnit4Provider.execute(JUnit4Provider.java:264) [surefire-junit4-2.17.jar:2.17]
	at org.apache.maven.surefire.junit4.JUnit4Provider.executeTestSet(JUnit4Provider.java:153) [surefire-junit4-2.17.jar:2.17]
	at org.apache.maven.surefire.junit4.JUnit4Provider.invoke(JUnit4Provider.java:124) [surefire-junit4-2.17.jar:2.17]
	at org.apache.maven.surefire.booter.ForkedBooter.invokeProviderInSameClassLoader(ForkedBooter.java:200) [surefire-booter-2.17.jar:2.17]
	at org.apache.maven.surefire.booter.ForkedBooter.runSuitesInProcess(ForkedBooter.java:153) [surefire-booter-2.17.jar:2.17]
	at org.apache.maven.surefire.booter.ForkedBooter.main(ForkedBooter.java:103) [surefire-booter-2.17.jar:2.17]
2017-04-11 03:25:24,782 [main] ERROR util.load.ImplementationLoader - Can't cast class defined in Implementation annotation to the declared supertype class
2017-04-11 03:27:06,882 [main] ERROR domain.dto.TherapyDTO - Completion datetime attempted to set a null value
2017-04-11 03:27:07,152 [main] ERROR domain.dto.TherapyDTO - Completion datetime attempted to set a null value
2017-04-11 03:27:07,171 [main] ERROR domain.dto.TherapyDTO - Completion datetime attempted to set a null value
2017-04-11 03:27:07,190 [main] ERROR domain.dto.TherapyDTO - Completion datetime attempted to set a null value
2017-04-11 03:27:07,206 [main] ERROR domain.dto.TherapyDTO - Completion datetime attempted to set a null value
2017-04-11 03:27:07,252 [main] ERROR domain.dto.TherapyDTO - Completion datetime attempted to set a null value
2017-04-11 03:27:07,268 [main] ERROR domain.dto.TherapyDTO - Completion datetime attempted to set a null value
2017-04-11 03:27:09,747 [main] ERROR domain.dto.TherapyDTO - Type attempted to set a null value
2017-04-11 03:27:09,757 [main] ERROR domain.dto.PatientDTO - State attempted to set a null value
2017-04-11 03:27:09,758 [main] ERROR domain.dto.TherapyDTO - Description attempted to set a null value
2017-04-11 03:27:09,759 [main] ERROR domain.dto.TherapyDTO - Completion datetime attempted to reset a value
2017-04-11 03:27:09,760 [main] ERROR domain.dto.TherapyDTO - Appointment datetime attempted to set a null value
2017-04-11 03:27:09,763 [main] ERROR domain.dto.TherapyDTO - Title attempted to set a null value
2017-04-11 03:27:09,766 [main] ERROR domain.dto.AbstractPersonDTO - Name attempted to set a null value
2017-04-11 03:27:09,767 [main] ERROR domain.dto.AbstractPersonDTO - Surname attempted to set a null value
2017-04-11 03:27:09,770 [main] ERROR domain.dto.DepartmentDTO - Department role attempted to set a null value
2017-04-11 03:27:09,775 [main] ERROR domain.dto.AbstractPersonDTO - Name attempted to set a null value
2017-04-11 03:27:09,776 [main] ERROR domain.dto.PatientDTO - State attempted to set a null value
2017-04-11 03:27:09,776 [main] ERROR domain.dto.AbstractPersonDTO - Surname attempted to set a null value
2017-04-11 03:27:09,778 [main] ERROR domain.dto.PatientDTO - Complaints attempted to set a null value
2017-04-11 03:27:09,781 [main] ERROR domain.dto.AbstractPersonDTO - Name attempted to set a null value
2017-04-11 03:27:09,782 [main] ERROR domain.dto.AbstractPersonDTO - Surname attempted to set a null value
2017-04-11 03:27:09,855 [main] ERROR util.init.JndiInitializer - Can't set the JNDI resource value
java.lang.IllegalAccessException: Class util.init.JndiInitializer can not access a member of class util.init.JndiInitializerTest$Tested with modifiers "private"
	at sun.reflect.Reflection.ensureMemberAccess(Reflection.java:102) ~[?:1.8.0_121]
	at java.lang.reflect.AccessibleObject.slowCheckMemberAccess(AccessibleObject.java:296) ~[?:1.8.0_121]
	at java.lang.reflect.AccessibleObject.checkAccess(AccessibleObject.java:288) ~[?:1.8.0_121]
	at java.lang.reflect.Field.set(Field.java:761) ~[?:1.8.0_121]
	at util.init.JndiInitializer.setJndiResource(JndiInitializer.java:32) ~[classes/:?]
	at util.init.JndiInitializer.lambda$initialize$1(JndiInitializer.java:26) ~[classes/:?]
	at java.util.stream.ForEachOps$ForEachOp$OfRef.accept(ForEachOps.java:184) [?:1.8.0_121]
	at java.util.stream.ReferencePipeline$2$1.accept(ReferencePipeline.java:175) [?:1.8.0_121]
	at java.util.Spliterators$ArraySpliterator.forEachRemaining(Spliterators.java:948) [?:1.8.0_121]
	at java.util.stream.AbstractPipeline.copyInto(AbstractPipeline.java:481) [?:1.8.0_121]
	at java.util.stream.AbstractPipeline.wrapAndCopyInto(AbstractPipeline.java:471) [?:1.8.0_121]
	at java.util.stream.ForEachOps$ForEachOp.evaluateSequential(ForEachOps.java:151) [?:1.8.0_121]
	at java.util.stream.ForEachOps$ForEachOp$OfRef.evaluateSequential(ForEachOps.java:174) [?:1.8.0_121]
	at java.util.stream.AbstractPipeline.evaluate(AbstractPipeline.java:234) [?:1.8.0_121]
	at java.util.stream.ReferencePipeline.forEach(ReferencePipeline.java:418) [?:1.8.0_121]
	at util.init.JndiInitializer.initialize(JndiInitializer.java:26) [classes/:?]
	at util.init.JndiInitializerTest.initializeWrongJndi(JndiInitializerTest.java:47) [test-classes/:?]
	at sun.reflect.NativeMethodAccessorImpl.invoke0(Native Method) ~[?:1.8.0_121]
	at sun.reflect.NativeMethodAccessorImpl.invoke(NativeMethodAccessorImpl.java:62) ~[?:1.8.0_121]
	at sun.reflect.DelegatingMethodAccessorImpl.invoke(DelegatingMethodAccessorImpl.java:43) ~[?:1.8.0_121]
	at java.lang.reflect.Method.invoke(Method.java:498) ~[?:1.8.0_121]
	at org.junit.runners.model.FrameworkMethod$1.runReflectiveCall(FrameworkMethod.java:50) [junit-4.12.jar:4.12]
	at org.junit.internal.runners.model.ReflectiveCallable.run(ReflectiveCallable.java:12) [junit-4.12.jar:4.12]
	at org.junit.runners.model.FrameworkMethod.invokeExplosively(FrameworkMethod.java:47) [junit-4.12.jar:4.12]
	at org.junit.internal.runners.statements.InvokeMethod.evaluate(InvokeMethod.java:17) [junit-4.12.jar:4.12]
	at org.junit.internal.runners.statements.RunBefores.evaluate(RunBefores.java:26) [junit-4.12.jar:4.12]
	at org.junit.runners.ParentRunner.runLeaf(ParentRunner.java:325) [junit-4.12.jar:4.12]
	at org.junit.runners.BlockJUnit4ClassRunner.runChild(BlockJUnit4ClassRunner.java:78) [junit-4.12.jar:4.12]
	at org.junit.runners.BlockJUnit4ClassRunner.runChild(BlockJUnit4ClassRunner.java:57) [junit-4.12.jar:4.12]
	at org.junit.runners.ParentRunner$3.run(ParentRunner.java:290) [junit-4.12.jar:4.12]
	at org.junit.runners.ParentRunner$1.schedule(ParentRunner.java:71) [junit-4.12.jar:4.12]
	at org.junit.runners.ParentRunner.runChildren(ParentRunner.java:288) [junit-4.12.jar:4.12]
	at org.junit.runners.ParentRunner.access$000(ParentRunner.java:58) [junit-4.12.jar:4.12]
	at org.junit.runners.ParentRunner$2.evaluate(ParentRunner.java:268) [junit-4.12.jar:4.12]
	at org.junit.runners.ParentRunner.run(ParentRunner.java:363) [junit-4.12.jar:4.12]
	at org.apache.maven.surefire.junit4.JUnit4Provider.execute(JUnit4Provider.java:264) [surefire-junit4-2.17.jar:2.17]
	at org.apache.maven.surefire.junit4.JUnit4Provider.executeTestSet(JUnit4Provider.java:153) [surefire-junit4-2.17.jar:2.17]
	at org.apache.maven.surefire.junit4.JUnit4Provider.invoke(JUnit4Provider.java:124) [surefire-junit4-2.17.jar:2.17]
	at org.apache.maven.surefire.booter.ForkedBooter.invokeProviderInSameClassLoader(ForkedBooter.java:200) [surefire-booter-2.17.jar:2.17]
	at org.apache.maven.surefire.booter.ForkedBooter.runSuitesInProcess(ForkedBooter.java:153) [surefire-booter-2.17.jar:2.17]
	at org.apache.maven.surefire.booter.ForkedBooter.main(ForkedBooter.java:103) [surefire-booter-2.17.jar:2.17]
2017-04-11 03:27:09,873 [main] ERROR util.init.JndiInitializer - Can't set the JNDI resource value
java.lang.IllegalAccessException: Class util.init.JndiInitializer can not access a member of class util.init.JndiInitializerTest$Tested with modifiers "private"
	at sun.reflect.Reflection.ensureMemberAccess(Reflection.java:102) ~[?:1.8.0_121]
	at java.lang.reflect.AccessibleObject.slowCheckMemberAccess(AccessibleObject.java:296) ~[?:1.8.0_121]
	at java.lang.reflect.AccessibleObject.checkAccess(AccessibleObject.java:288) ~[?:1.8.0_121]
	at java.lang.reflect.Field.set(Field.java:761) ~[?:1.8.0_121]
	at util.init.JndiInitializer.setJndiResource(JndiInitializer.java:32) ~[classes/:?]
	at util.init.JndiInitializer.lambda$initialize$1(JndiInitializer.java:26) ~[classes/:?]
	at java.util.stream.ForEachOps$ForEachOp$OfRef.accept(ForEachOps.java:184) [?:1.8.0_121]
	at java.util.stream.ReferencePipeline$2$1.accept(ReferencePipeline.java:175) [?:1.8.0_121]
	at java.util.Spliterators$ArraySpliterator.forEachRemaining(Spliterators.java:948) [?:1.8.0_121]
	at java.util.stream.AbstractPipeline.copyInto(AbstractPipeline.java:481) [?:1.8.0_121]
	at java.util.stream.AbstractPipeline.wrapAndCopyInto(AbstractPipeline.java:471) [?:1.8.0_121]
	at java.util.stream.ForEachOps$ForEachOp.evaluateSequential(ForEachOps.java:151) [?:1.8.0_121]
	at java.util.stream.ForEachOps$ForEachOp$OfRef.evaluateSequential(ForEachOps.java:174) [?:1.8.0_121]
	at java.util.stream.AbstractPipeline.evaluate(AbstractPipeline.java:234) [?:1.8.0_121]
	at java.util.stream.ReferencePipeline.forEach(ReferencePipeline.java:418) [?:1.8.0_121]
	at util.init.JndiInitializer.initialize(JndiInitializer.java:26) [classes/:?]
	at util.init.JndiInitializerTest.initialize(JndiInitializerTest.java:63) [test-classes/:?]
	at sun.reflect.NativeMethodAccessorImpl.invoke0(Native Method) ~[?:1.8.0_121]
	at sun.reflect.NativeMethodAccessorImpl.invoke(NativeMethodAccessorImpl.java:62) ~[?:1.8.0_121]
	at sun.reflect.DelegatingMethodAccessorImpl.invoke(DelegatingMethodAccessorImpl.java:43) ~[?:1.8.0_121]
	at java.lang.reflect.Method.invoke(Method.java:498) ~[?:1.8.0_121]
	at org.junit.runners.model.FrameworkMethod$1.runReflectiveCall(FrameworkMethod.java:50) [junit-4.12.jar:4.12]
	at org.junit.internal.runners.model.ReflectiveCallable.run(ReflectiveCallable.java:12) [junit-4.12.jar:4.12]
	at org.junit.runners.model.FrameworkMethod.invokeExplosively(FrameworkMethod.java:47) [junit-4.12.jar:4.12]
	at org.junit.internal.runners.statements.InvokeMethod.evaluate(InvokeMethod.java:17) [junit-4.12.jar:4.12]
	at org.junit.internal.runners.statements.RunBefores.evaluate(RunBefores.java:26) [junit-4.12.jar:4.12]
	at org.junit.runners.ParentRunner.runLeaf(ParentRunner.java:325) [junit-4.12.jar:4.12]
	at org.junit.runners.BlockJUnit4ClassRunner.runChild(BlockJUnit4ClassRunner.java:78) [junit-4.12.jar:4.12]
	at org.junit.runners.BlockJUnit4ClassRunner.runChild(BlockJUnit4ClassRunner.java:57) [junit-4.12.jar:4.12]
	at org.junit.runners.ParentRunner$3.run(ParentRunner.java:290) [junit-4.12.jar:4.12]
	at org.junit.runners.ParentRunner$1.schedule(ParentRunner.java:71) [junit-4.12.jar:4.12]
	at org.junit.runners.ParentRunner.runChildren(ParentRunner.java:288) [junit-4.12.jar:4.12]
	at org.junit.runners.ParentRunner.access$000(ParentRunner.java:58) [junit-4.12.jar:4.12]
	at org.junit.runners.ParentRunner$2.evaluate(ParentRunner.java:268) [junit-4.12.jar:4.12]
	at org.junit.runners.ParentRunner.run(ParentRunner.java:363) [junit-4.12.jar:4.12]
	at org.apache.maven.surefire.junit4.JUnit4Provider.execute(JUnit4Provider.java:264) [surefire-junit4-2.17.jar:2.17]
	at org.apache.maven.surefire.junit4.JUnit4Provider.executeTestSet(JUnit4Provider.java:153) [surefire-junit4-2.17.jar:2.17]
	at org.apache.maven.surefire.junit4.JUnit4Provider.invoke(JUnit4Provider.java:124) [surefire-junit4-2.17.jar:2.17]
	at org.apache.maven.surefire.booter.ForkedBooter.invokeProviderInSameClassLoader(ForkedBooter.java:200) [surefire-booter-2.17.jar:2.17]
	at org.apache.maven.surefire.booter.ForkedBooter.runSuitesInProcess(ForkedBooter.java:153) [surefire-booter-2.17.jar:2.17]
	at org.apache.maven.surefire.booter.ForkedBooter.main(ForkedBooter.java:103) [surefire-booter-2.17.jar:2.17]
2017-04-11 03:27:09,903 [main] ERROR util.load.ImplementationLoader - Can't cast class defined in Implementation annotation to the declared supertype class
2017-04-11 03:33:13,431 [main] ERROR util.init.JndiInitializer - Can't set the JNDI resource value
java.lang.IllegalAccessException: Class util.init.JndiInitializer can not access a member of class util.init.JndiInitializerTest$Tested with modifiers "private"
	at sun.reflect.Reflection.ensureMemberAccess(Reflection.java:102) ~[?:1.8.0_121]
	at java.lang.reflect.AccessibleObject.slowCheckMemberAccess(AccessibleObject.java:296) ~[?:1.8.0_121]
	at java.lang.reflect.AccessibleObject.checkAccess(AccessibleObject.java:288) ~[?:1.8.0_121]
	at java.lang.reflect.Field.set(Field.java:761) ~[?:1.8.0_121]
	at util.init.JndiInitializer.setJndiResource(JndiInitializer.java:32) ~[classes/:?]
	at util.init.JndiInitializer.lambda$initialize$1(JndiInitializer.java:26) ~[classes/:?]
	at java.util.stream.ForEachOps$ForEachOp$OfRef.accept(ForEachOps.java:184) [?:1.8.0_121]
	at java.util.stream.ReferencePipeline$2$1.accept(ReferencePipeline.java:175) [?:1.8.0_121]
	at java.util.Spliterators$ArraySpliterator.forEachRemaining(Spliterators.java:948) [?:1.8.0_121]
	at java.util.stream.AbstractPipeline.copyInto(AbstractPipeline.java:481) [?:1.8.0_121]
	at java.util.stream.AbstractPipeline.wrapAndCopyInto(AbstractPipeline.java:471) [?:1.8.0_121]
	at java.util.stream.ForEachOps$ForEachOp.evaluateSequential(ForEachOps.java:151) [?:1.8.0_121]
	at java.util.stream.ForEachOps$ForEachOp$OfRef.evaluateSequential(ForEachOps.java:174) [?:1.8.0_121]
	at java.util.stream.AbstractPipeline.evaluate(AbstractPipeline.java:234) [?:1.8.0_121]
	at java.util.stream.ReferencePipeline.forEach(ReferencePipeline.java:418) [?:1.8.0_121]
	at util.init.JndiInitializer.initialize(JndiInitializer.java:26) [classes/:?]
	at util.init.JndiInitializerTest.initializeWrongJndi(JndiInitializerTest.java:47) [test-classes/:?]
	at sun.reflect.NativeMethodAccessorImpl.invoke0(Native Method) ~[?:1.8.0_121]
	at sun.reflect.NativeMethodAccessorImpl.invoke(NativeMethodAccessorImpl.java:62) ~[?:1.8.0_121]
	at sun.reflect.DelegatingMethodAccessorImpl.invoke(DelegatingMethodAccessorImpl.java:43) ~[?:1.8.0_121]
	at java.lang.reflect.Method.invoke(Method.java:498) ~[?:1.8.0_121]
	at org.junit.runners.model.FrameworkMethod$1.runReflectiveCall(FrameworkMethod.java:50) [junit-4.12.jar:4.12]
	at org.junit.internal.runners.model.ReflectiveCallable.run(ReflectiveCallable.java:12) [junit-4.12.jar:4.12]
	at org.junit.runners.model.FrameworkMethod.invokeExplosively(FrameworkMethod.java:47) [junit-4.12.jar:4.12]
	at org.junit.internal.runners.statements.InvokeMethod.evaluate(InvokeMethod.java:17) [junit-4.12.jar:4.12]
	at org.junit.internal.runners.statements.RunBefores.evaluate(RunBefores.java:26) [junit-4.12.jar:4.12]
	at org.junit.runners.ParentRunner.runLeaf(ParentRunner.java:325) [junit-4.12.jar:4.12]
	at org.junit.runners.BlockJUnit4ClassRunner.runChild(BlockJUnit4ClassRunner.java:78) [junit-4.12.jar:4.12]
	at org.junit.runners.BlockJUnit4ClassRunner.runChild(BlockJUnit4ClassRunner.java:57) [junit-4.12.jar:4.12]
	at org.junit.runners.ParentRunner$3.run(ParentRunner.java:290) [junit-4.12.jar:4.12]
	at org.junit.runners.ParentRunner$1.schedule(ParentRunner.java:71) [junit-4.12.jar:4.12]
	at org.junit.runners.ParentRunner.runChildren(ParentRunner.java:288) [junit-4.12.jar:4.12]
	at org.junit.runners.ParentRunner.access$000(ParentRunner.java:58) [junit-4.12.jar:4.12]
	at org.junit.runners.ParentRunner$2.evaluate(ParentRunner.java:268) [junit-4.12.jar:4.12]
	at org.junit.runners.ParentRunner.run(ParentRunner.java:363) [junit-4.12.jar:4.12]
	at org.junit.runner.JUnitCore.run(JUnitCore.java:137) [junit-4.12.jar:4.12]
	at com.intellij.junit4.JUnit4IdeaTestRunner.startRunnerWithArgs(JUnit4IdeaTestRunner.java:68) [junit-rt.jar:?]
	at com.intellij.rt.execution.junit.IdeaTestRunner$Repeater.startRunnerWithArgs(IdeaTestRunner.java:51) [junit-rt.jar:?]
	at com.intellij.rt.execution.junit.JUnitStarter.prepareStreamsAndStart(JUnitStarter.java:237) [junit-rt.jar:?]
	at com.intellij.rt.execution.junit.JUnitStarter.main(JUnitStarter.java:70) [junit-rt.jar:?]
2017-04-11 03:33:13,465 [main] ERROR util.init.JndiInitializer - Can't set the JNDI resource value
java.lang.IllegalAccessException: Class util.init.JndiInitializer can not access a member of class util.init.JndiInitializerTest$Tested with modifiers "private"
	at sun.reflect.Reflection.ensureMemberAccess(Reflection.java:102) ~[?:1.8.0_121]
	at java.lang.reflect.AccessibleObject.slowCheckMemberAccess(AccessibleObject.java:296) ~[?:1.8.0_121]
	at java.lang.reflect.AccessibleObject.checkAccess(AccessibleObject.java:288) ~[?:1.8.0_121]
	at java.lang.reflect.Field.set(Field.java:761) ~[?:1.8.0_121]
	at util.init.JndiInitializer.setJndiResource(JndiInitializer.java:32) ~[classes/:?]
	at util.init.JndiInitializer.lambda$initialize$1(JndiInitializer.java:26) ~[classes/:?]
	at java.util.stream.ForEachOps$ForEachOp$OfRef.accept(ForEachOps.java:184) [?:1.8.0_121]
	at java.util.stream.ReferencePipeline$2$1.accept(ReferencePipeline.java:175) [?:1.8.0_121]
	at java.util.Spliterators$ArraySpliterator.forEachRemaining(Spliterators.java:948) [?:1.8.0_121]
	at java.util.stream.AbstractPipeline.copyInto(AbstractPipeline.java:481) [?:1.8.0_121]
	at java.util.stream.AbstractPipeline.wrapAndCopyInto(AbstractPipeline.java:471) [?:1.8.0_121]
	at java.util.stream.ForEachOps$ForEachOp.evaluateSequential(ForEachOps.java:151) [?:1.8.0_121]
	at java.util.stream.ForEachOps$ForEachOp$OfRef.evaluateSequential(ForEachOps.java:174) [?:1.8.0_121]
	at java.util.stream.AbstractPipeline.evaluate(AbstractPipeline.java:234) [?:1.8.0_121]
	at java.util.stream.ReferencePipeline.forEach(ReferencePipeline.java:418) [?:1.8.0_121]
	at util.init.JndiInitializer.initialize(JndiInitializer.java:26) [classes/:?]
	at util.init.JndiInitializerTest.initialize(JndiInitializerTest.java:63) [test-classes/:?]
	at sun.reflect.NativeMethodAccessorImpl.invoke0(Native Method) ~[?:1.8.0_121]
	at sun.reflect.NativeMethodAccessorImpl.invoke(NativeMethodAccessorImpl.java:62) ~[?:1.8.0_121]
	at sun.reflect.DelegatingMethodAccessorImpl.invoke(DelegatingMethodAccessorImpl.java:43) ~[?:1.8.0_121]
	at java.lang.reflect.Method.invoke(Method.java:498) ~[?:1.8.0_121]
	at org.junit.runners.model.FrameworkMethod$1.runReflectiveCall(FrameworkMethod.java:50) [junit-4.12.jar:4.12]
	at org.junit.internal.runners.model.ReflectiveCallable.run(ReflectiveCallable.java:12) [junit-4.12.jar:4.12]
	at org.junit.runners.model.FrameworkMethod.invokeExplosively(FrameworkMethod.java:47) [junit-4.12.jar:4.12]
	at org.junit.internal.runners.statements.InvokeMethod.evaluate(InvokeMethod.java:17) [junit-4.12.jar:4.12]
	at org.junit.internal.runners.statements.RunBefores.evaluate(RunBefores.java:26) [junit-4.12.jar:4.12]
	at org.junit.runners.ParentRunner.runLeaf(ParentRunner.java:325) [junit-4.12.jar:4.12]
	at org.junit.runners.BlockJUnit4ClassRunner.runChild(BlockJUnit4ClassRunner.java:78) [junit-4.12.jar:4.12]
	at org.junit.runners.BlockJUnit4ClassRunner.runChild(BlockJUnit4ClassRunner.java:57) [junit-4.12.jar:4.12]
	at org.junit.runners.ParentRunner$3.run(ParentRunner.java:290) [junit-4.12.jar:4.12]
	at org.junit.runners.ParentRunner$1.schedule(ParentRunner.java:71) [junit-4.12.jar:4.12]
	at org.junit.runners.ParentRunner.runChildren(ParentRunner.java:288) [junit-4.12.jar:4.12]
	at org.junit.runners.ParentRunner.access$000(ParentRunner.java:58) [junit-4.12.jar:4.12]
	at org.junit.runners.ParentRunner$2.evaluate(ParentRunner.java:268) [junit-4.12.jar:4.12]
	at org.junit.runners.ParentRunner.run(ParentRunner.java:363) [junit-4.12.jar:4.12]
	at org.junit.runner.JUnitCore.run(JUnitCore.java:137) [junit-4.12.jar:4.12]
	at com.intellij.junit4.JUnit4IdeaTestRunner.startRunnerWithArgs(JUnit4IdeaTestRunner.java:68) [junit-rt.jar:?]
	at com.intellij.rt.execution.junit.IdeaTestRunner$Repeater.startRunnerWithArgs(IdeaTestRunner.java:51) [junit-rt.jar:?]
	at com.intellij.rt.execution.junit.JUnitStarter.prepareStreamsAndStart(JUnitStarter.java:237) [junit-rt.jar:?]
	at com.intellij.rt.execution.junit.JUnitStarter.main(JUnitStarter.java:70) [junit-rt.jar:?]
2017-04-11 03:34:32,727 [main] ERROR domain.dto.TherapyDTO - Type attempted to set a null value
2017-04-11 03:34:33,175 [main] ERROR domain.dto.PatientDTO - State attempted to set a null value
2017-04-11 03:34:33,176 [main] ERROR domain.dto.TherapyDTO - Description attempted to set a null value
2017-04-11 03:34:33,179 [main] ERROR domain.dto.TherapyDTO - Completion datetime attempted to reset a value
2017-04-11 03:34:33,181 [main] ERROR domain.dto.TherapyDTO - Appointment datetime attempted to set a null value
2017-04-11 03:34:33,183 [main] ERROR domain.dto.TherapyDTO - Title attempted to set a null value
2017-04-11 03:34:33,190 [main] ERROR domain.dto.AbstractPersonDTO - Name attempted to set a null value
2017-04-11 03:34:33,191 [main] ERROR domain.dto.AbstractPersonDTO - Surname attempted to set a null value
2017-04-11 03:34:33,193 [main] ERROR domain.dto.DepartmentDTO - Department role attempted to set a null value
2017-04-11 03:34:33,197 [main] ERROR domain.dto.AbstractPersonDTO - Name attempted to set a null value
2017-04-11 03:34:33,197 [main] ERROR domain.dto.PatientDTO - State attempted to set a null value
2017-04-11 03:34:33,197 [main] ERROR domain.dto.AbstractPersonDTO - Surname attempted to set a null value
2017-04-11 03:34:33,199 [main] ERROR domain.dto.PatientDTO - Complaints attempted to set a null value
2017-04-11 03:34:33,202 [main] ERROR domain.dto.AbstractPersonDTO - Name attempted to set a null value
2017-04-11 03:34:33,203 [main] ERROR domain.dto.AbstractPersonDTO - Surname attempted to set a null value
2017-04-11 03:34:33,372 [main] ERROR util.load.ImplementationLoader - Can't cast class defined in Implementation annotation to the declared supertype class
2017-04-11 03:35:26,433 [main] ERROR domain.dto.TherapyDTO - Type attempted to set a null value
2017-04-11 03:35:26,696 [main] ERROR domain.dto.PatientDTO - State attempted to set a null value
2017-04-11 03:35:26,696 [main] ERROR domain.dto.TherapyDTO - Description attempted to set a null value
2017-04-11 03:35:26,698 [main] ERROR domain.dto.TherapyDTO - Completion datetime attempted to reset a value
2017-04-11 03:35:26,698 [main] ERROR domain.dto.TherapyDTO - Appointment datetime attempted to set a null value
2017-04-11 03:35:26,699 [main] ERROR domain.dto.TherapyDTO - Title attempted to set a null value
2017-04-11 03:35:26,704 [main] ERROR domain.dto.AbstractPersonDTO - Name attempted to set a null value
2017-04-11 03:35:26,704 [main] ERROR domain.dto.AbstractPersonDTO - Surname attempted to set a null value
2017-04-11 03:35:26,706 [main] ERROR domain.dto.DepartmentDTO - Department role attempted to set a null value
2017-04-11 03:35:26,709 [main] ERROR domain.dto.AbstractPersonDTO - Name attempted to set a null value
2017-04-11 03:35:26,710 [main] ERROR domain.dto.PatientDTO - State attempted to set a null value
2017-04-11 03:35:26,710 [main] ERROR domain.dto.AbstractPersonDTO - Surname attempted to set a null value
2017-04-11 03:35:26,712 [main] ERROR domain.dto.PatientDTO - Complaints attempted to set a null value
2017-04-11 03:35:26,715 [main] ERROR domain.dto.AbstractPersonDTO - Name attempted to set a null value
2017-04-11 03:35:26,716 [main] ERROR domain.dto.AbstractPersonDTO - Surname attempted to set a null value
2017-04-11 03:35:26,810 [main] ERROR util.load.ImplementationLoader - Can't cast class defined in Implementation annotation to the declared supertype class
2017-04-15 01:33:08,929 [main] ERROR domain.TherapyDTO - Type attempted to set a null value
2017-04-15 01:33:08,934 [main] ERROR domain.PatientDTO - State attempted to set a null value
2017-04-15 01:33:08,934 [main] ERROR domain.TherapyDTO - Description attempted to set a null value
2017-04-15 01:33:08,935 [main] ERROR domain.TherapyDTO - Completion datetime attempted to reset a value
2017-04-15 01:33:08,936 [main] ERROR domain.TherapyDTO - Appointment datetime attempted to set a null value
2017-04-15 01:33:08,937 [main] ERROR domain.TherapyDTO - Title attempted to set a null value
2017-04-15 01:33:09,057 [main] ERROR domain.AbstractPersonDTO - Name attempted to set a null value
2017-04-15 01:33:09,058 [main] ERROR domain.AbstractPersonDTO - Surname attempted to set a null value
2017-04-15 01:33:09,060 [main] ERROR domain.DepartmentDTO - Department role attempted to set a null value
2017-04-15 01:33:09,072 [main] ERROR domain.AbstractPersonDTO - Name attempted to set a null value
2017-04-15 01:33:09,074 [main] ERROR domain.PatientDTO - State attempted to set a null value
2017-04-15 01:33:09,074 [main] ERROR domain.AbstractPersonDTO - Surname attempted to set a null value
2017-04-15 01:33:09,076 [main] ERROR domain.PatientDTO - Complaints attempted to set a null value
2017-04-15 01:33:09,078 [main] ERROR domain.AbstractPersonDTO - Name attempted to set a null value
2017-04-15 01:33:09,079 [main] ERROR domain.AbstractPersonDTO - Surname attempted to set a null value
2017-04-15 01:33:09,169 [main] ERROR util.load.ImplementationLoader - Can't cast class defined in Implementation annotation to the declared supertype class
2017-04-15 01:33:35,397 [main] ERROR domain.TherapyDTO - Type attempted to set a null value
2017-04-15 01:33:35,404 [main] ERROR domain.PatientDTO - State attempted to set a null value
2017-04-15 01:33:35,405 [main] ERROR domain.TherapyDTO - Description attempted to set a null value
2017-04-15 01:33:35,405 [main] ERROR domain.TherapyDTO - Completion datetime attempted to reset a value
2017-04-15 01:33:35,406 [main] ERROR domain.TherapyDTO - Appointment datetime attempted to set a null value
2017-04-15 01:33:35,407 [main] ERROR domain.TherapyDTO - Title attempted to set a null value
2017-04-15 01:33:35,481 [main] ERROR domain.AbstractPersonDTO - Name attempted to set a null value
2017-04-15 01:33:35,482 [main] ERROR domain.AbstractPersonDTO - Surname attempted to set a null value
2017-04-15 01:33:35,485 [main] ERROR domain.DepartmentDTO - Department role attempted to set a null value
2017-04-15 01:33:35,489 [main] ERROR domain.AbstractPersonDTO - Name attempted to set a null value
2017-04-15 01:33:35,490 [main] ERROR domain.PatientDTO - State attempted to set a null value
2017-04-15 01:33:35,490 [main] ERROR domain.AbstractPersonDTO - Surname attempted to set a null value
2017-04-15 01:33:35,494 [main] ERROR domain.PatientDTO - Complaints attempted to set a null value
2017-04-15 01:33:35,496 [main] ERROR domain.AbstractPersonDTO - Name attempted to set a null value
2017-04-15 01:33:35,497 [main] ERROR domain.AbstractPersonDTO - Surname attempted to set a null value
2017-04-15 01:33:35,540 [main] ERROR util.load.ImplementationLoader - Can't cast class defined in Implementation annotation to the declared supertype class
2017-04-15 01:34:56,136 [main] ERROR domain.DepartmentDTO - Department role attempted to set a null value
2017-04-15 01:34:56,152 [main] ERROR domain.AbstractPersonDTO - Name attempted to set a null value
2017-04-15 01:34:56,152 [main] ERROR domain.AbstractPersonDTO - Surname attempted to set a null value
2017-04-15 01:34:56,153 [main] ERROR domain.AbstractPersonDTO - Name attempted to set a null value
2017-04-15 01:34:56,154 [main] ERROR domain.AbstractPersonDTO - Surname attempted to set a null value
2017-04-15 01:34:56,155 [main] ERROR domain.AbstractPersonDTO - Name attempted to set a null value
2017-04-15 01:34:56,155 [main] ERROR domain.PatientDTO - State attempted to set a null value
2017-04-15 01:34:56,155 [main] ERROR domain.AbstractPersonDTO - Surname attempted to set a null value
2017-04-15 01:34:56,156 [main] ERROR domain.PatientDTO - Complaints attempted to set a null value
2017-04-15 01:34:56,158 [main] ERROR domain.TherapyDTO - Type attempted to set a null value
2017-04-15 01:34:56,164 [main] ERROR domain.PatientDTO - State attempted to set a null value
2017-04-15 01:34:56,165 [main] ERROR domain.TherapyDTO - Description attempted to set a null value
2017-04-15 01:34:56,166 [main] ERROR domain.TherapyDTO - Completion datetime attempted to reset a value
2017-04-15 01:34:56,168 [main] ERROR domain.TherapyDTO - Appointment datetime attempted to set a null value
2017-04-15 01:34:56,170 [main] ERROR domain.TherapyDTO - Title attempted to set a null value
2017-04-15 01:35:17,044 [main] ERROR domain.TherapyDTO - Type attempted to set a null value
2017-04-15 01:35:17,054 [main] ERROR domain.PatientDTO - State attempted to set a null value
2017-04-15 01:35:17,054 [main] ERROR domain.TherapyDTO - Description attempted to set a null value
2017-04-15 01:35:17,055 [main] ERROR domain.TherapyDTO - Completion datetime attempted to reset a value
2017-04-15 01:35:17,056 [main] ERROR domain.TherapyDTO - Appointment datetime attempted to set a null value
2017-04-15 01:35:17,057 [main] ERROR domain.TherapyDTO - Title attempted to set a null value
2017-04-15 01:35:17,060 [main] ERROR domain.AbstractPersonDTO - Name attempted to set a null value
2017-04-15 01:35:17,061 [main] ERROR domain.AbstractPersonDTO - Surname attempted to set a null value
2017-04-15 01:35:17,064 [main] ERROR domain.DepartmentDTO - Department role attempted to set a null value
2017-04-15 01:35:17,083 [main] ERROR domain.AbstractPersonDTO - Name attempted to set a null value
2017-04-15 01:35:17,084 [main] ERROR domain.PatientDTO - State attempted to set a null value
2017-04-15 01:35:17,084 [main] ERROR domain.AbstractPersonDTO - Surname attempted to set a null value
2017-04-15 01:35:17,092 [main] ERROR domain.PatientDTO - Complaints attempted to set a null value
2017-04-15 01:35:17,094 [main] ERROR domain.AbstractPersonDTO - Name attempted to set a null value
2017-04-15 01:35:17,095 [main] ERROR domain.AbstractPersonDTO - Surname attempted to set a null value
2017-04-15 14:14:19,518 [main] ERROR dao.jdbc.JdbcDaoCommons - Can't query findByLoginAndPassword
org.postgresql.util.PSQLException: ERROR: missing FROM-clause entry for table "medics"
  Position: 17
	at org.postgresql.core.v3.QueryExecutorImpl.receiveErrorResponse(QueryExecutorImpl.java:2412) ~[postgresql-42.0.0.jar:42.0.0]
	at org.postgresql.core.v3.QueryExecutorImpl.processResults(QueryExecutorImpl.java:2125) ~[postgresql-42.0.0.jar:42.0.0]
	at org.postgresql.core.v3.QueryExecutorImpl.execute(QueryExecutorImpl.java:297) ~[postgresql-42.0.0.jar:42.0.0]
	at org.postgresql.jdbc.PgStatement.executeInternal(PgStatement.java:428) ~[postgresql-42.0.0.jar:42.0.0]
	at org.postgresql.jdbc.PgStatement.execute(PgStatement.java:354) ~[postgresql-42.0.0.jar:42.0.0]
	at org.postgresql.jdbc.PgPreparedStatement.executeWithFlags(PgPreparedStatement.java:169) ~[postgresql-42.0.0.jar:42.0.0]
	at org.postgresql.jdbc.PgPreparedStatement.executeQuery(PgPreparedStatement.java:117) ~[postgresql-42.0.0.jar:42.0.0]
	at dao.jdbc.query.CommonQueriesExecutor.findByLoginAndPassword(CommonQueriesExecutor.java:27) ~[classes/:?]
	at dao.jdbc.query.DoctorQueryExecutor.queryFindByLoginAndPassword(DoctorQueryExecutor.java:75) ~[classes/:?]
	at dao.jdbc.JdbcDaoCommons.findByLoginAndPassword(JdbcDaoCommons.java:29) [classes/:?]
	at dao.jdbc.DoctorJdbcDAO.findByLoginAndPassword(DoctorJdbcDAO.java:39) [classes/:?]
	at dao.jdbc.DoctorJdbcDAOTest.findByLoginAndPassword(DoctorJdbcDAOTest.java:139) [test-classes/:?]
	at sun.reflect.NativeMethodAccessorImpl.invoke0(Native Method) ~[?:1.8.0_121]
	at sun.reflect.NativeMethodAccessorImpl.invoke(NativeMethodAccessorImpl.java:62) ~[?:1.8.0_121]
	at sun.reflect.DelegatingMethodAccessorImpl.invoke(DelegatingMethodAccessorImpl.java:43) ~[?:1.8.0_121]
	at java.lang.reflect.Method.invoke(Method.java:498) ~[?:1.8.0_121]
	at org.junit.runners.model.FrameworkMethod$1.runReflectiveCall(FrameworkMethod.java:50) [junit-4.12.jar:4.12]
	at org.junit.internal.runners.model.ReflectiveCallable.run(ReflectiveCallable.java:12) [junit-4.12.jar:4.12]
	at org.junit.runners.model.FrameworkMethod.invokeExplosively(FrameworkMethod.java:47) [junit-4.12.jar:4.12]
	at org.junit.internal.runners.statements.InvokeMethod.evaluate(InvokeMethod.java:17) [junit-4.12.jar:4.12]
	at org.junit.internal.runners.statements.RunBefores.evaluate(RunBefores.java:26) [junit-4.12.jar:4.12]
	at org.junit.runners.ParentRunner.runLeaf(ParentRunner.java:325) [junit-4.12.jar:4.12]
	at org.junit.runners.BlockJUnit4ClassRunner.runChild(BlockJUnit4ClassRunner.java:78) [junit-4.12.jar:4.12]
	at org.junit.runners.BlockJUnit4ClassRunner.runChild(BlockJUnit4ClassRunner.java:57) [junit-4.12.jar:4.12]
	at org.junit.runners.ParentRunner$3.run(ParentRunner.java:290) [junit-4.12.jar:4.12]
	at org.junit.runners.ParentRunner$1.schedule(ParentRunner.java:71) [junit-4.12.jar:4.12]
	at org.junit.runners.ParentRunner.runChildren(ParentRunner.java:288) [junit-4.12.jar:4.12]
	at org.junit.runners.ParentRunner.access$000(ParentRunner.java:58) [junit-4.12.jar:4.12]
	at org.junit.runners.ParentRunner$2.evaluate(ParentRunner.java:268) [junit-4.12.jar:4.12]
	at org.junit.runners.ParentRunner.run(ParentRunner.java:363) [junit-4.12.jar:4.12]
	at org.junit.runner.JUnitCore.run(JUnitCore.java:137) [junit-4.12.jar:4.12]
	at com.intellij.junit4.JUnit4IdeaTestRunner.startRunnerWithArgs(JUnit4IdeaTestRunner.java:68) [junit-rt.jar:?]
	at com.intellij.rt.execution.junit.IdeaTestRunner$Repeater.startRunnerWithArgs(IdeaTestRunner.java:51) [junit-rt.jar:?]
	at com.intellij.rt.execution.junit.JUnitStarter.prepareStreamsAndStart(JUnitStarter.java:237) [junit-rt.jar:?]
	at com.intellij.rt.execution.junit.JUnitStarter.main(JUnitStarter.java:70) [junit-rt.jar:?]
2017-04-15 14:17:35,005 [main] ERROR dao.jdbc.JdbcDaoCommons - Can't query findByLoginAndPassword
org.postgresql.util.PSQLException: ERROR: syntax error at or near "credentials"
  Position: 96
	at org.postgresql.core.v3.QueryExecutorImpl.receiveErrorResponse(QueryExecutorImpl.java:2412) ~[postgresql-42.0.0.jar:42.0.0]
	at org.postgresql.core.v3.QueryExecutorImpl.processResults(QueryExecutorImpl.java:2125) ~[postgresql-42.0.0.jar:42.0.0]
	at org.postgresql.core.v3.QueryExecutorImpl.execute(QueryExecutorImpl.java:297) ~[postgresql-42.0.0.jar:42.0.0]
	at org.postgresql.jdbc.PgStatement.executeInternal(PgStatement.java:428) ~[postgresql-42.0.0.jar:42.0.0]
	at org.postgresql.jdbc.PgStatement.execute(PgStatement.java:354) ~[postgresql-42.0.0.jar:42.0.0]
	at org.postgresql.jdbc.PgPreparedStatement.executeWithFlags(PgPreparedStatement.java:169) ~[postgresql-42.0.0.jar:42.0.0]
	at org.postgresql.jdbc.PgPreparedStatement.executeQuery(PgPreparedStatement.java:117) ~[postgresql-42.0.0.jar:42.0.0]
	at dao.jdbc.query.CommonQueriesExecutor.findByLoginAndPassword(CommonQueriesExecutor.java:27) ~[classes/:?]
	at dao.jdbc.query.PatientQueryExecutor.queryFindByLoginAndPassword(PatientQueryExecutor.java:51) ~[classes/:?]
	at dao.jdbc.JdbcDaoCommons.findByLoginAndPassword(JdbcDaoCommons.java:29) [classes/:?]
	at dao.jdbc.PatientJdbcDAO.findByLoginAndPassword(PatientJdbcDAO.java:40) [classes/:?]
	at dao.jdbc.PatientJdbcDAOTest.findByLoginAndPassword(PatientJdbcDAOTest.java:139) [test-classes/:?]
	at sun.reflect.NativeMethodAccessorImpl.invoke0(Native Method) ~[?:1.8.0_121]
	at sun.reflect.NativeMethodAccessorImpl.invoke(NativeMethodAccessorImpl.java:62) ~[?:1.8.0_121]
	at sun.reflect.DelegatingMethodAccessorImpl.invoke(DelegatingMethodAccessorImpl.java:43) ~[?:1.8.0_121]
	at java.lang.reflect.Method.invoke(Method.java:498) ~[?:1.8.0_121]
	at org.junit.runners.model.FrameworkMethod$1.runReflectiveCall(FrameworkMethod.java:50) [junit-4.12.jar:4.12]
	at org.junit.internal.runners.model.ReflectiveCallable.run(ReflectiveCallable.java:12) [junit-4.12.jar:4.12]
	at org.junit.runners.model.FrameworkMethod.invokeExplosively(FrameworkMethod.java:47) [junit-4.12.jar:4.12]
	at org.junit.internal.runners.statements.InvokeMethod.evaluate(InvokeMethod.java:17) [junit-4.12.jar:4.12]
	at org.junit.internal.runners.statements.RunBefores.evaluate(RunBefores.java:26) [junit-4.12.jar:4.12]
	at org.junit.runners.ParentRunner.runLeaf(ParentRunner.java:325) [junit-4.12.jar:4.12]
	at org.junit.runners.BlockJUnit4ClassRunner.runChild(BlockJUnit4ClassRunner.java:78) [junit-4.12.jar:4.12]
	at org.junit.runners.BlockJUnit4ClassRunner.runChild(BlockJUnit4ClassRunner.java:57) [junit-4.12.jar:4.12]
	at org.junit.runners.ParentRunner$3.run(ParentRunner.java:290) [junit-4.12.jar:4.12]
	at org.junit.runners.ParentRunner$1.schedule(ParentRunner.java:71) [junit-4.12.jar:4.12]
	at org.junit.runners.ParentRunner.runChildren(ParentRunner.java:288) [junit-4.12.jar:4.12]
	at org.junit.runners.ParentRunner.access$000(ParentRunner.java:58) [junit-4.12.jar:4.12]
	at org.junit.runners.ParentRunner$2.evaluate(ParentRunner.java:268) [junit-4.12.jar:4.12]
	at org.junit.runners.ParentRunner.run(ParentRunner.java:363) [junit-4.12.jar:4.12]
	at org.junit.runner.JUnitCore.run(JUnitCore.java:137) [junit-4.12.jar:4.12]
	at com.intellij.junit4.JUnit4IdeaTestRunner.startRunnerWithArgs(JUnit4IdeaTestRunner.java:68) [junit-rt.jar:?]
	at com.intellij.rt.execution.junit.IdeaTestRunner$Repeater.startRunnerWithArgs(IdeaTestRunner.java:51) [junit-rt.jar:?]
	at com.intellij.rt.execution.junit.JUnitStarter.prepareStreamsAndStart(JUnitStarter.java:237) [junit-rt.jar:?]
	at com.intellij.rt.execution.junit.JUnitStarter.main(JUnitStarter.java:70) [junit-rt.jar:?]
2017-04-15 18:55:11,260 [main] ERROR domain.TherapyDTO - Appointment datetime attempted to set a value from the past
2017-04-15 18:55:11,308 [main] ERROR domain.TherapyDTO - Appointment datetime attempted to set a value from the past
2017-04-15 18:55:11,320 [main] ERROR domain.TherapyDTO - Appointment datetime attempted to set a value from the past
2017-04-15 18:55:11,336 [main] ERROR domain.TherapyDTO - Appointment datetime attempted to set a value from the past
2017-04-15 18:55:11,353 [main] ERROR domain.TherapyDTO - Appointment datetime attempted to set a value from the past
2017-04-15 18:55:11,384 [main] ERROR domain.TherapyDTO - Appointment datetime attempted to set a value from the past
2017-04-15 18:55:11,399 [main] ERROR domain.TherapyDTO - Appointment datetime attempted to set a value from the past
2017-04-15 18:55:11,415 [main] ERROR domain.TherapyDTO - Appointment datetime attempted to set a value from the past
2017-04-15 18:55:11,429 [main] ERROR domain.TherapyDTO - Appointment datetime attempted to set a value from the past
2017-04-15 18:55:11,446 [main] ERROR domain.TherapyDTO - Appointment datetime attempted to set a value from the past
2017-04-15 18:55:11,462 [main] ERROR domain.TherapyDTO - Appointment datetime attempted to set a value from the past
2017-04-15 18:55:11,491 [main] ERROR domain.TherapyDTO - Appointment datetime attempted to set a value from the past
2017-04-15 18:55:14,224 [main] ERROR domain.TherapyDTO - Type attempted to set a null value
2017-04-15 18:55:14,224 [main] ERROR domain.PatientDTO - State attempted to set a null value
2017-04-15 18:55:14,225 [main] ERROR domain.TherapyDTO - Description attempted to set a null value
2017-04-15 18:55:14,225 [main] ERROR domain.TherapyDTO - Appointment datetime attempted to set a value from the past
2017-04-15 18:55:14,225 [main] ERROR domain.TherapyDTO - Completion datetime attempted to reset a value
2017-04-15 18:55:14,226 [main] ERROR domain.TherapyDTO - Appointment datetime attempted to set a null value
2017-04-15 18:55:14,227 [main] ERROR domain.TherapyDTO - Title attempted to set a null value
2017-04-15 18:55:14,229 [main] ERROR domain.AbstractPersonDTO - Name attempted to set a null value
2017-04-15 18:55:14,230 [main] ERROR domain.AbstractPersonDTO - Surname attempted to set a null value
2017-04-15 18:55:14,234 [main] ERROR domain.DepartmentDTO - Department role attempted to set a null value
2017-04-15 18:55:14,239 [main] ERROR domain.AbstractPersonDTO - Name attempted to set a null value
2017-04-15 18:55:14,239 [main] ERROR domain.PatientDTO - State attempted to set a null value
2017-04-15 18:55:14,240 [main] ERROR domain.AbstractPersonDTO - Surname attempted to set a null value
2017-04-15 18:55:14,245 [main] ERROR domain.AbstractPersonDTO - Name attempted to set a null value
2017-04-15 18:55:14,245 [main] ERROR domain.AbstractPersonDTO - Surname attempted to set a null value
2017-04-15 18:56:19,923 [main] ERROR domain.TherapyDTO - Appointment datetime attempted to set a value from the past
2017-04-15 18:56:19,970 [main] ERROR domain.TherapyDTO - Appointment datetime attempted to set a value from the past
2017-04-15 18:56:19,985 [main] ERROR domain.TherapyDTO - Appointment datetime attempted to set a value from the past
2017-04-15 18:56:20,002 [main] ERROR domain.TherapyDTO - Appointment datetime attempted to set a value from the past
2017-04-15 18:56:20,018 [main] ERROR domain.TherapyDTO - Appointment datetime attempted to set a value from the past
2017-04-15 18:56:20,051 [main] ERROR domain.TherapyDTO - Appointment datetime attempted to set a value from the past
2017-04-15 18:56:20,066 [main] ERROR domain.TherapyDTO - Appointment datetime attempted to set a value from the past
2017-04-15 18:56:20,081 [main] ERROR domain.TherapyDTO - Appointment datetime attempted to set a value from the past
2017-04-15 18:56:20,096 [main] ERROR domain.TherapyDTO - Appointment datetime attempted to set a value from the past
2017-04-15 18:56:20,112 [main] ERROR domain.TherapyDTO - Appointment datetime attempted to set a value from the past
2017-04-15 18:56:20,128 [main] ERROR domain.TherapyDTO - Appointment datetime attempted to set a value from the past
2017-04-15 18:56:20,158 [main] ERROR domain.TherapyDTO - Appointment datetime attempted to set a value from the past
2017-04-15 18:56:21,176 [main] ERROR domain.TherapyDTO - Type attempted to set a null value
2017-04-15 18:56:21,177 [main] ERROR domain.PatientDTO - State attempted to set a null value
2017-04-15 18:56:21,178 [main] ERROR domain.TherapyDTO - Description attempted to set a null value
2017-04-15 18:56:21,178 [main] ERROR domain.TherapyDTO - Appointment datetime attempted to set a value from the past
2017-04-15 18:56:21,179 [main] ERROR domain.TherapyDTO - Completion datetime attempted to reset a value
2017-04-15 18:56:21,180 [main] ERROR domain.TherapyDTO - Appointment datetime attempted to set a null value
2017-04-15 18:56:21,181 [main] ERROR domain.TherapyDTO - Title attempted to set a null value
2017-04-15 18:56:21,185 [main] ERROR domain.AbstractPersonDTO - Name attempted to set a null value
2017-04-15 18:56:21,186 [main] ERROR domain.AbstractPersonDTO - Surname attempted to set a null value
2017-04-15 18:56:21,189 [main] ERROR domain.DepartmentDTO - Department role attempted to set a null value
2017-04-15 18:56:21,193 [main] ERROR domain.AbstractPersonDTO - Name attempted to set a null value
2017-04-15 18:56:21,194 [main] ERROR domain.PatientDTO - State attempted to set a null value
2017-04-15 18:56:21,194 [main] ERROR domain.AbstractPersonDTO - Surname attempted to set a null value
2017-04-15 18:56:21,198 [main] ERROR domain.AbstractPersonDTO - Name attempted to set a null value
2017-04-15 18:56:21,199 [main] ERROR domain.AbstractPersonDTO - Surname attempted to set a null value
2017-04-15 18:56:45,188 [main] ERROR domain.TherapyDTO - Appointment datetime attempted to set a value from the past
2017-04-15 18:56:45,221 [main] ERROR domain.TherapyDTO - Appointment datetime attempted to set a value from the past
2017-04-15 18:56:45,240 [main] ERROR domain.TherapyDTO - Appointment datetime attempted to set a value from the past
2017-04-15 18:56:45,257 [main] ERROR domain.TherapyDTO - Appointment datetime attempted to set a value from the past
2017-04-15 18:56:45,272 [main] ERROR domain.TherapyDTO - Appointment datetime attempted to set a value from the past
2017-04-15 18:56:45,308 [main] ERROR domain.TherapyDTO - Appointment datetime attempted to set a value from the past
2017-04-15 18:56:45,327 [main] ERROR domain.TherapyDTO - Appointment datetime attempted to set a value from the past
2017-04-15 18:56:45,343 [main] ERROR domain.TherapyDTO - Appointment datetime attempted to set a value from the past
2017-04-15 18:56:45,362 [main] ERROR domain.TherapyDTO - Appointment datetime attempted to set a value from the past
2017-04-15 18:56:45,380 [main] ERROR domain.TherapyDTO - Appointment datetime attempted to set a value from the past
2017-04-15 18:56:45,399 [main] ERROR domain.TherapyDTO - Appointment datetime attempted to set a value from the past
2017-04-15 18:56:45,432 [main] ERROR domain.TherapyDTO - Appointment datetime attempted to set a value from the past
2017-04-15 18:56:45,434 [main] ERROR domain.DepartmentDTO - Department role attempted to set a null value
2017-04-15 18:56:45,435 [main] ERROR domain.AbstractPersonDTO - Name attempted to set a null value
2017-04-15 18:56:45,437 [main] ERROR domain.AbstractPersonDTO - Surname attempted to set a null value
2017-04-15 18:56:45,439 [main] ERROR domain.AbstractPersonDTO - Name attempted to set a null value
2017-04-15 18:56:45,439 [main] ERROR domain.AbstractPersonDTO - Surname attempted to set a null value
2017-04-15 18:56:45,440 [main] ERROR domain.AbstractPersonDTO - Name attempted to set a null value
2017-04-15 18:56:45,441 [main] ERROR domain.PatientDTO - State attempted to set a null value
2017-04-15 18:56:45,441 [main] ERROR domain.AbstractPersonDTO - Surname attempted to set a null value
2017-04-15 18:56:45,446 [main] ERROR domain.TherapyDTO - Type attempted to set a null value
2017-04-15 18:56:45,447 [main] ERROR domain.PatientDTO - State attempted to set a null value
2017-04-15 18:56:45,447 [main] ERROR domain.TherapyDTO - Description attempted to set a null value
2017-04-15 18:56:45,448 [main] ERROR domain.TherapyDTO - Appointment datetime attempted to set a value from the past
2017-04-15 18:56:45,448 [main] ERROR domain.TherapyDTO - Completion datetime attempted to reset a value
2017-04-15 18:56:45,449 [main] ERROR domain.TherapyDTO - Appointment datetime attempted to set a null value
2017-04-15 18:56:45,450 [main] ERROR domain.TherapyDTO - Title attempted to set a null value
2017-04-15 18:57:29,722 [main] ERROR dao.jdbc.CrudJdbcDAO - Can't query insert
org.postgresql.util.PSQLException: ERROR: new row for relation "therapies" violates check constraint "check_valid_appintment_date"
  Detail: Failing row contains (153, sdfsf, SURGERY_OPERATION, sdsgsg, 2016-10-19 10:23:54, 2016-10-19 10:33:54, 6, 55).
	at org.postgresql.core.v3.QueryExecutorImpl.receiveErrorResponse(QueryExecutorImpl.java:2412) ~[postgresql-42.0.0.jar:42.0.0]
	at org.postgresql.core.v3.QueryExecutorImpl.processResults(QueryExecutorImpl.java:2125) ~[postgresql-42.0.0.jar:42.0.0]
	at org.postgresql.core.v3.QueryExecutorImpl.execute(QueryExecutorImpl.java:297) ~[postgresql-42.0.0.jar:42.0.0]
	at org.postgresql.jdbc.PgStatement.executeInternal(PgStatement.java:428) ~[postgresql-42.0.0.jar:42.0.0]
	at org.postgresql.jdbc.PgStatement.execute(PgStatement.java:354) ~[postgresql-42.0.0.jar:42.0.0]
	at org.postgresql.jdbc.PgPreparedStatement.executeWithFlags(PgPreparedStatement.java:169) ~[postgresql-42.0.0.jar:42.0.0]
	at org.postgresql.jdbc.PgPreparedStatement.execute(PgPreparedStatement.java:158) ~[postgresql-42.0.0.jar:42.0.0]
	at dao.jdbc.query.QueryExecutor.queryInsert(QueryExecutor.java:39) ~[classes/:?]
	at dao.jdbc.CrudJdbcDAO.create(CrudJdbcDAO.java:46) [classes/:?]
	at dao.jdbc.TherapyJdbcDAOTest.create(TherapyJdbcDAOTest.java:83) [test-classes/:?]
	at sun.reflect.NativeMethodAccessorImpl.invoke0(Native Method) ~[?:1.8.0_121]
	at sun.reflect.NativeMethodAccessorImpl.invoke(NativeMethodAccessorImpl.java:62) ~[?:1.8.0_121]
	at sun.reflect.DelegatingMethodAccessorImpl.invoke(DelegatingMethodAccessorImpl.java:43) ~[?:1.8.0_121]
	at java.lang.reflect.Method.invoke(Method.java:498) ~[?:1.8.0_121]
	at org.junit.runners.model.FrameworkMethod$1.runReflectiveCall(FrameworkMethod.java:50) [junit-4.12.jar:4.12]
	at org.junit.internal.runners.model.ReflectiveCallable.run(ReflectiveCallable.java:12) [junit-4.12.jar:4.12]
	at org.junit.runners.model.FrameworkMethod.invokeExplosively(FrameworkMethod.java:47) [junit-4.12.jar:4.12]
	at org.junit.internal.runners.statements.InvokeMethod.evaluate(InvokeMethod.java:17) [junit-4.12.jar:4.12]
	at org.junit.internal.runners.statements.RunBefores.evaluate(RunBefores.java:26) [junit-4.12.jar:4.12]
	at org.junit.runners.ParentRunner.runLeaf(ParentRunner.java:325) [junit-4.12.jar:4.12]
	at org.junit.runners.BlockJUnit4ClassRunner.runChild(BlockJUnit4ClassRunner.java:78) [junit-4.12.jar:4.12]
	at org.junit.runners.BlockJUnit4ClassRunner.runChild(BlockJUnit4ClassRunner.java:57) [junit-4.12.jar:4.12]
	at org.junit.runners.ParentRunner$3.run(ParentRunner.java:290) [junit-4.12.jar:4.12]
	at org.junit.runners.ParentRunner$1.schedule(ParentRunner.java:71) [junit-4.12.jar:4.12]
	at org.junit.runners.ParentRunner.runChildren(ParentRunner.java:288) [junit-4.12.jar:4.12]
	at org.junit.runners.ParentRunner.access$000(ParentRunner.java:58) [junit-4.12.jar:4.12]
	at org.junit.runners.ParentRunner$2.evaluate(ParentRunner.java:268) [junit-4.12.jar:4.12]
	at org.junit.runners.ParentRunner.run(ParentRunner.java:363) [junit-4.12.jar:4.12]
	at org.junit.runners.Suite.runChild(Suite.java:128) [junit-4.12.jar:4.12]
	at org.junit.runners.Suite.runChild(Suite.java:27) [junit-4.12.jar:4.12]
	at org.junit.runners.ParentRunner$3.run(ParentRunner.java:290) [junit-4.12.jar:4.12]
	at org.junit.runners.ParentRunner$1.schedule(ParentRunner.java:71) [junit-4.12.jar:4.12]
	at org.junit.runners.ParentRunner.runChildren(ParentRunner.java:288) [junit-4.12.jar:4.12]
	at org.junit.runners.ParentRunner.access$000(ParentRunner.java:58) [junit-4.12.jar:4.12]
	at org.junit.runners.ParentRunner$2.evaluate(ParentRunner.java:268) [junit-4.12.jar:4.12]
	at org.junit.runners.ParentRunner.run(ParentRunner.java:363) [junit-4.12.jar:4.12]
	at org.junit.runner.JUnitCore.run(JUnitCore.java:137) [junit-4.12.jar:4.12]
	at com.intellij.junit4.JUnit4IdeaTestRunner.startRunnerWithArgs(JUnit4IdeaTestRunner.java:68) [junit-rt.jar:?]
	at com.intellij.rt.execution.junit.IdeaTestRunner$Repeater.startRunnerWithArgs(IdeaTestRunner.java:51) [junit-rt.jar:?]
	at com.intellij.rt.execution.junit.JUnitStarter.prepareStreamsAndStart(JUnitStarter.java:237) [junit-rt.jar:?]
	at com.intellij.rt.execution.junit.JUnitStarter.main(JUnitStarter.java:70) [junit-rt.jar:?]
2017-04-15 18:57:29,778 [main] ERROR dao.jdbc.CrudJdbcDAO - Can't query insert
org.postgresql.util.PSQLException: ERROR: new row for relation "therapies" violates check constraint "check_valid_appintment_date"
  Detail: Failing row contains (154, sdfsf, SURGERY_OPERATION, sdsgsg, 2016-10-19 10:23:54, 2016-10-19 10:33:54, 6, 55).
	at org.postgresql.core.v3.QueryExecutorImpl.receiveErrorResponse(QueryExecutorImpl.java:2412) ~[postgresql-42.0.0.jar:42.0.0]
	at org.postgresql.core.v3.QueryExecutorImpl.processResults(QueryExecutorImpl.java:2125) ~[postgresql-42.0.0.jar:42.0.0]
	at org.postgresql.core.v3.QueryExecutorImpl.execute(QueryExecutorImpl.java:297) ~[postgresql-42.0.0.jar:42.0.0]
	at org.postgresql.jdbc.PgStatement.executeInternal(PgStatement.java:428) ~[postgresql-42.0.0.jar:42.0.0]
	at org.postgresql.jdbc.PgStatement.execute(PgStatement.java:354) ~[postgresql-42.0.0.jar:42.0.0]
	at org.postgresql.jdbc.PgPreparedStatement.executeWithFlags(PgPreparedStatement.java:169) ~[postgresql-42.0.0.jar:42.0.0]
	at org.postgresql.jdbc.PgPreparedStatement.execute(PgPreparedStatement.java:158) ~[postgresql-42.0.0.jar:42.0.0]
	at dao.jdbc.query.QueryExecutor.queryInsert(QueryExecutor.java:39) ~[classes/:?]
	at dao.jdbc.CrudJdbcDAO.create(CrudJdbcDAO.java:46) [classes/:?]
	at dao.jdbc.TherapyJdbcDAOTest.delete(TherapyJdbcDAOTest.java:105) [test-classes/:?]
	at sun.reflect.NativeMethodAccessorImpl.invoke0(Native Method) ~[?:1.8.0_121]
	at sun.reflect.NativeMethodAccessorImpl.invoke(NativeMethodAccessorImpl.java:62) ~[?:1.8.0_121]
	at sun.reflect.DelegatingMethodAccessorImpl.invoke(DelegatingMethodAccessorImpl.java:43) ~[?:1.8.0_121]
	at java.lang.reflect.Method.invoke(Method.java:498) ~[?:1.8.0_121]
	at org.junit.runners.model.FrameworkMethod$1.runReflectiveCall(FrameworkMethod.java:50) [junit-4.12.jar:4.12]
	at org.junit.internal.runners.model.ReflectiveCallable.run(ReflectiveCallable.java:12) [junit-4.12.jar:4.12]
	at org.junit.runners.model.FrameworkMethod.invokeExplosively(FrameworkMethod.java:47) [junit-4.12.jar:4.12]
	at org.junit.internal.runners.statements.InvokeMethod.evaluate(InvokeMethod.java:17) [junit-4.12.jar:4.12]
	at org.junit.internal.runners.statements.RunBefores.evaluate(RunBefores.java:26) [junit-4.12.jar:4.12]
	at org.junit.runners.ParentRunner.runLeaf(ParentRunner.java:325) [junit-4.12.jar:4.12]
	at org.junit.runners.BlockJUnit4ClassRunner.runChild(BlockJUnit4ClassRunner.java:78) [junit-4.12.jar:4.12]
	at org.junit.runners.BlockJUnit4ClassRunner.runChild(BlockJUnit4ClassRunner.java:57) [junit-4.12.jar:4.12]
	at org.junit.runners.ParentRunner$3.run(ParentRunner.java:290) [junit-4.12.jar:4.12]
	at org.junit.runners.ParentRunner$1.schedule(ParentRunner.java:71) [junit-4.12.jar:4.12]
	at org.junit.runners.ParentRunner.runChildren(ParentRunner.java:288) [junit-4.12.jar:4.12]
	at org.junit.runners.ParentRunner.access$000(ParentRunner.java:58) [junit-4.12.jar:4.12]
	at org.junit.runners.ParentRunner$2.evaluate(ParentRunner.java:268) [junit-4.12.jar:4.12]
	at org.junit.runners.ParentRunner.run(ParentRunner.java:363) [junit-4.12.jar:4.12]
	at org.junit.runners.Suite.runChild(Suite.java:128) [junit-4.12.jar:4.12]
	at org.junit.runners.Suite.runChild(Suite.java:27) [junit-4.12.jar:4.12]
	at org.junit.runners.ParentRunner$3.run(ParentRunner.java:290) [junit-4.12.jar:4.12]
	at org.junit.runners.ParentRunner$1.schedule(ParentRunner.java:71) [junit-4.12.jar:4.12]
	at org.junit.runners.ParentRunner.runChildren(ParentRunner.java:288) [junit-4.12.jar:4.12]
	at org.junit.runners.ParentRunner.access$000(ParentRunner.java:58) [junit-4.12.jar:4.12]
	at org.junit.runners.ParentRunner$2.evaluate(ParentRunner.java:268) [junit-4.12.jar:4.12]
	at org.junit.runners.ParentRunner.run(ParentRunner.java:363) [junit-4.12.jar:4.12]
	at org.junit.runner.JUnitCore.run(JUnitCore.java:137) [junit-4.12.jar:4.12]
	at com.intellij.junit4.JUnit4IdeaTestRunner.startRunnerWithArgs(JUnit4IdeaTestRunner.java:68) [junit-rt.jar:?]
	at com.intellij.rt.execution.junit.IdeaTestRunner$Repeater.startRunnerWithArgs(IdeaTestRunner.java:51) [junit-rt.jar:?]
	at com.intellij.rt.execution.junit.JUnitStarter.prepareStreamsAndStart(JUnitStarter.java:237) [junit-rt.jar:?]
	at com.intellij.rt.execution.junit.JUnitStarter.main(JUnitStarter.java:70) [junit-rt.jar:?]
2017-04-15 18:57:29,953 [main] ERROR domain.DepartmentDTO - Department role attempted to set a null value
2017-04-15 18:57:29,954 [main] ERROR domain.AbstractPersonDTO - Name attempted to set a null value
2017-04-15 18:57:29,955 [main] ERROR domain.AbstractPersonDTO - Surname attempted to set a null value
2017-04-15 18:57:29,956 [main] ERROR domain.AbstractPersonDTO - Name attempted to set a null value
2017-04-15 18:57:29,957 [main] ERROR domain.AbstractPersonDTO - Surname attempted to set a null value
2017-04-15 18:57:29,958 [main] ERROR domain.AbstractPersonDTO - Name attempted to set a null value
2017-04-15 18:57:29,959 [main] ERROR domain.PatientDTO - State attempted to set a null value
2017-04-15 18:57:29,959 [main] ERROR domain.AbstractPersonDTO - Surname attempted to set a null value
2017-04-15 18:57:29,964 [main] ERROR domain.TherapyDTO - Type attempted to set a null value
2017-04-15 18:57:29,965 [main] ERROR domain.PatientDTO - State attempted to set a null value
2017-04-15 18:57:29,966 [main] ERROR domain.TherapyDTO - Description attempted to set a null value
2017-04-15 18:57:29,966 [main] ERROR domain.TherapyDTO - Completion datetime attempted to reset a value
2017-04-15 18:57:29,967 [main] ERROR domain.TherapyDTO - Appointment datetime attempted to set a null value
2017-04-15 18:57:29,967 [main] ERROR domain.TherapyDTO - Title attempted to set a null value
2017-04-15 19:04:27,895 [main] ERROR domain.TherapyDTO - Type attempted to set a null value
2017-04-15 19:04:27,924 [main] ERROR domain.PatientDTO - State attempted to set a null value
2017-04-15 19:04:27,925 [main] ERROR domain.TherapyDTO - Description attempted to set a null value
2017-04-15 19:04:27,925 [main] ERROR domain.TherapyDTO - Completion datetime attempted to reset a value
2017-04-15 19:04:27,926 [main] ERROR domain.TherapyDTO - Appointment datetime attempted to set a null value
2017-04-15 19:04:27,927 [main] ERROR domain.TherapyDTO - Title attempted to set a null value
2017-04-15 19:04:27,929 [main] ERROR domain.AbstractPersonDTO - Name attempted to set a null value
2017-04-15 19:04:27,930 [main] ERROR domain.AbstractPersonDTO - Surname attempted to set a null value
2017-04-15 19:04:27,934 [main] ERROR domain.DepartmentDTO - Department role attempted to set a null value
2017-04-15 19:04:27,945 [main] ERROR domain.AbstractPersonDTO - Name attempted to set a null value
2017-04-15 19:04:27,946 [main] ERROR domain.PatientDTO - State attempted to set a null value
2017-04-15 19:04:27,946 [main] ERROR domain.AbstractPersonDTO - Surname attempted to set a null value
2017-04-15 19:04:27,969 [main] ERROR domain.AbstractPersonDTO - Name attempted to set a null value
2017-04-15 19:04:27,969 [main] ERROR domain.AbstractPersonDTO - Surname attempted to set a null value
2017-04-15 19:04:47,756 [main] ERROR domain.DepartmentDTO - Department role attempted to set a null value
2017-04-15 19:04:47,764 [main] ERROR domain.AbstractPersonDTO - Name attempted to set a null value
2017-04-15 19:04:47,765 [main] ERROR domain.AbstractPersonDTO - Surname attempted to set a null value
2017-04-15 19:04:47,766 [main] ERROR domain.AbstractPersonDTO - Name attempted to set a null value
2017-04-15 19:04:47,767 [main] ERROR domain.AbstractPersonDTO - Surname attempted to set a null value
2017-04-15 19:04:47,768 [main] ERROR domain.AbstractPersonDTO - Name attempted to set a null value
2017-04-15 19:04:47,769 [main] ERROR domain.PatientDTO - State attempted to set a null value
2017-04-15 19:04:47,769 [main] ERROR domain.AbstractPersonDTO - Surname attempted to set a null value
2017-04-15 19:04:47,785 [main] ERROR domain.TherapyDTO - Type attempted to set a null value
2017-04-15 19:04:47,786 [main] ERROR domain.PatientDTO - State attempted to set a null value
2017-04-15 19:04:47,786 [main] ERROR domain.TherapyDTO - Description attempted to set a null value
2017-04-15 19:04:47,786 [main] ERROR domain.TherapyDTO - Completion datetime attempted to reset a value
2017-04-15 19:04:47,787 [main] ERROR domain.TherapyDTO - Appointment datetime attempted to set a null value
2017-04-15 19:04:47,788 [main] ERROR domain.TherapyDTO - Title attempted to set a null value
2017-04-15 19:05:16,947 [main] ERROR domain.TherapyDTO - Type attempted to set a null value
2017-04-15 19:05:16,965 [main] ERROR domain.PatientDTO - State attempted to set a null value
2017-04-15 19:05:16,965 [main] ERROR domain.TherapyDTO - Description attempted to set a null value
2017-04-15 19:05:16,966 [main] ERROR domain.TherapyDTO - Completion datetime attempted to reset a value
2017-04-15 19:05:16,970 [main] ERROR domain.TherapyDTO - Appointment datetime attempted to set a null value
2017-04-15 19:05:16,971 [main] ERROR domain.TherapyDTO - Title attempted to set a null value
2017-04-15 19:05:16,977 [main] ERROR domain.AbstractPersonDTO - Name attempted to set a null value
2017-04-15 19:05:16,978 [main] ERROR domain.AbstractPersonDTO - Surname attempted to set a null value
2017-04-15 19:05:16,981 [main] ERROR domain.DepartmentDTO - Department role attempted to set a null value
2017-04-15 19:05:16,985 [main] ERROR domain.AbstractPersonDTO - Name attempted to set a null value
2017-04-15 19:05:16,986 [main] ERROR domain.PatientDTO - State attempted to set a null value
2017-04-15 19:05:16,986 [main] ERROR domain.AbstractPersonDTO - Surname attempted to set a null value
2017-04-15 19:05:16,990 [main] ERROR domain.AbstractPersonDTO - Name attempted to set a null value
2017-04-15 19:05:16,991 [main] ERROR domain.AbstractPersonDTO - Surname attempted to set a null value
